运行.class文件完成序号: 1		类名: TestLongDoubleVect
正常输出: 
line1: 	Testing Long + Double vectors
line2: 	Warmup
line3: 	Verification
line4: 	Time
line5: 	test_ci: 2
line6: 	test_vi: 3
line7: 	test_cp: 16
line8: 	test_ci_neg: 3
line9: 	test_vi_neg: 33
line10: 	test_cp_neg: 4
line11: 	test_ci_oppos: 4
line12: 	test_vi_oppos: 5
line13: 	test_cp_oppos: 9
line14: 	test_ci_aln: 2
line15: 	test_vi_aln: 2
line16: 	test_cp_alndst: 6
line17: 	test_cp_alnsrc: 7
line18: 	test_ci_unaln: 2
line19: 	test_vi_unaln: 3
line20: 	test_cp_unalndst: 15
line21: 	test_cp_unalnsrc: 9
line22: 	PASSED


运行.class文件完成序号: 2		类名: Test6559156
正常输出: 
line1: 	No failure


运行.class文件完成序号: 3		类名: Test6992759
正常输出: 
line1: 	No failure


运行.class文件完成序号: 4		类名: TestIntAtomicOrdered
正常输出: 
line1: 	Testing Integer array atomic ordered operations
line2: 	Warmup
line3: 	Verification
line4: 	Time
line5: 	test_ci: 0
line6: 	test_vi: 1
line7: 	test_cp: 86
line8: 	test_2ci: 2
line9: 	test_2vi: 1
line10: 	test_ci_neg: 1
line11: 	test_vi_neg: 1
line12: 	test_cp_neg: 6
line13: 	test_2ci_neg: 1
line14: 	test_2vi_neg: 2
line15: 	test_ci_oppos: 1
line16: 	test_vi_oppos: 0
line17: 	test_cp_oppos: 6
line18: 	test_2ci_oppos: 1
line19: 	test_2vi_oppos: 12
line20: 	test_ci_off: 0
line21: 	test_vi_off: 1
line22: 	test_cp_off: 5
line23: 	test_2ci_off: 2
line24: 	test_2vi_off: 1
line25: 	test_ci_inv: 1
line26: 	test_vi_inv: 1
line27: 	test_cp_inv: 5
line28: 	test_2ci_inv: 1
line29: 	test_2vi_inv: 13
line30: 	test_ci_scl: 1
line31: 	test_vi_scl: 1
line32: 	test_cp_scl: 3
line33: 	test_2ci_scl: 1
line34: 	test_2vi_scl: 7
line35: 	test_cp_alndst: 5
line36: 	test_cp_alnsrc: 4
line37: 	test_2ci_aln: 1
line38: 	test_2vi_aln: 2
line39: 	test_cp_unalndst: 4
line40: 	test_cp_unalnsrc: 5
line41: 	test_2ci_unaln: 1
line42: 	test_2vi_unaln: 2
line43: 	PASSED


运行.class文件完成序号: 5		类名: TestShortVect
正常输出: 
line1: 	Testing Short vectors
line2: 	Warmup
line3: 	Verification
line4: 	Time
line5: 	test_ci: 0
line6: 	test_vi: 1
line7: 	test_cp: 21
line8: 	test_2ci: 2
line9: 	test_2vi: 95
line10: 	test_ci_neg: 1
line11: 	test_vi_neg: 1
line12: 	test_cp_neg: 0
line13: 	test_2ci_neg: 1
line14: 	test_2vi_neg: 1
line15: 	test_ci_oppos: 4
line16: 	test_vi_oppos: 4
line17: 	test_cp_oppos: 5
line18: 	test_2ci_oppos: 7
line19: 	test_2vi_oppos: 7
line20: 	test_ci_off: 1
line21: 	test_vi_off: 1
line22: 	test_cp_off: 1
line23: 	test_2ci_off: 1
line24: 	test_2vi_off: 1
line25: 	test_ci_inv: 3
line26: 	test_vi_inv: 3
line27: 	test_cp_inv: 4
line28: 	test_2ci_inv: 7
line29: 	test_2vi_inv: 7
line30: 	test_ci_scl: 5
line31: 	test_vi_scl: 5
line32: 	test_cp_scl: 6
line33: 	test_2ci_scl: 7
line34: 	test_2vi_scl: 6
line35: 	test_cp_alndst: 1
line36: 	test_cp_alnsrc: 2
line37: 	test_2ci_aln: 1
line38: 	test_2vi_aln: 2
line39: 	test_cp_unalndst: 4
line40: 	test_cp_unalnsrc: 3
line41: 	test_2ci_unaln: 5
line42: 	test_2vi_unaln: 4
line43: 	PASSED


运行.class文件完成序号: 6		类名: TestSquareToLen
正常输出: 
line1: 	Success


运行.class文件完成序号: 7		类名: TestIntVect
正常输出: 
line1: 	Testing Integer vectors
line2: 	Warmup
line3: 	Verification
line4: 	Time
line5: 	test_ci: 1
line6: 	test_vi: 1
line7: 	test_cp: 22
line8: 	test_2ci: 2
line9: 	test_2vi: 81
line10: 	test_ci_neg: 1
line11: 	test_vi_neg: 1
line12: 	test_cp_neg: 1
line13: 	test_2ci_neg: 1
line14: 	test_2vi_neg: 1
line15: 	test_ci_oppos: 4
line16: 	test_vi_oppos: 3
line17: 	test_cp_oppos: 6
line18: 	test_2ci_oppos: 7
line19: 	test_2vi_oppos: 7
line20: 	test_ci_off: 0
line21: 	test_vi_off: 0
line22: 	test_cp_off: 2
line23: 	test_2ci_off: 1
line24: 	test_2vi_off: 1
line25: 	test_ci_inv: 4
line26: 	test_vi_inv: 4
line27: 	test_cp_inv: 4
line28: 	test_2ci_inv: 7
line29: 	test_2vi_inv: 7
line30: 	test_ci_scl: 5
line31: 	test_vi_scl: 5
line32: 	test_cp_scl: 6
line33: 	test_2ci_scl: 7
line34: 	test_2vi_scl: 6
line35: 	test_cp_alndst: 2
line36: 	test_cp_alnsrc: 2
line37: 	test_2ci_aln: 2
line38: 	test_2vi_aln: 2
line39: 	test_cp_unalndst: 4
line40: 	test_cp_unalnsrc: 3
line41: 	test_2ci_unaln: 5
line42: 	test_2vi_unaln: 4
line43: 	PASSED


运行.class文件完成序号: 8		类名: DefaultValue
正常输出: 
line1: 	Test FAILS
错误输出: 
line1: 	R1 failed
line2: 	R2 failed
line3: 	R3 failed
line4: 	Exception in thread "main" java.lang.Error: Test failed
line5: 		at DefaultValue.main(DefaultValue.java:135)


运行.class文件完成序号: 9		类名: Test6753639
正常输出: 
line1: 	Passed


运行.class文件完成序号: 10		类名: Test8005033
正常输出: 
line1: 	EXECUTING test.
line2: 	SUCCESSFULLY passed test.


运行.class文件完成序号: 11		类名: TestProfileReturnTypePrinting


运行.class文件完成序号: 12		类名: TestUnsafePutAddressNullObjMustNotEscape
正常输出: 
line1: 	EXECUTING test.
line2: 	Acquiring sun.misc.Unsafe.theUnsafe using reflection.
line3: 	Allocating raw memory.
line4: 	Triggering JIT compilation of the test method
line5: 	SUCCESSFULLY passed test.


运行.class文件完成序号: 13		类名: Test7048332


运行.class文件完成序号: 14		类名: TestLongFloatVect
正常输出: 
line1: 	Testing Long + Float vectors
line2: 	Warmup
line3: 	Verification
line4: 	Time
line5: 	test_ci: 2
line6: 	test_vi: 2
line7: 	test_cp: 14
line8: 	test_ci_neg: 2
line9: 	test_vi_neg: 34
line10: 	test_cp_neg: 3
line11: 	test_ci_oppos: 5
line12: 	test_vi_oppos: 4
line13: 	test_cp_oppos: 8
line14: 	test_ci_aln: 2
line15: 	test_vi_aln: 2
line16: 	test_cp_alndst: 3
line17: 	test_cp_alnsrc: 3
line18: 	test_ci_unaln: 2
line19: 	test_vi_unaln: 3
line20: 	test_cp_unalndst: 7
line21: 	test_cp_unalnsrc: 7
line22: 	PASSED


运行.class文件完成序号: 15		类名: Test6968348


运行.class文件完成序号: 16		类名: InterruptedTest
正常输出: 
line1: 	Main thread: starts a worker thread...
line2: 	Main thread: waits at most 5s for the worker thread to die...
line3: 	Worker thread: running...
line4: 	Main thread: interrupts the worker thread...
line5: 	Worker thread: bye
line6: 	Main thread: worker thread is interrupted
line7: 	Main thread: waits for the worker thread to die...
line8: 	Main thread: bye


运行.class文件完成序号: 17		类名: IsInstanceTest
正常输出: 
line1: 	Done!


运行.class文件完成序号: 18		类名: TestLongBoxing
正常输出: 
line1: 	Passed.


运行.class文件完成序号: 19		类名: Test7009359


运行.class文件完成序号: 20		类名: TestIntDoubleVect
正常输出: 
line1: 	Testing Integer + Double vectors
line2: 	Warmup
line3: 	Verification
line4: 	Time
line5: 	test_ci: 2
line6: 	test_vi: 1
line7: 	test_cp: 14
line8: 	test_ci_neg: 2
line9: 	test_vi_neg: 34
line10: 	test_cp_neg: 3
line11: 	test_ci_oppos: 4
line12: 	test_vi_oppos: 4
line13: 	test_cp_oppos: 8
line14: 	test_ci_aln: 2
line15: 	test_vi_aln: 2
line16: 	test_cp_alndst: 3
line17: 	test_cp_alnsrc: 3
line18: 	test_ci_unaln: 2
line19: 	test_vi_unaln: 1
line20: 	test_cp_unalndst: 8
line21: 	test_cp_unalnsrc: 8
line22: 	PASSED


运行.class文件完成序号: 21		类名: Test6579789


运行.class文件完成序号: 22		类名: TestMeetExactConstantArrays


运行.class文件完成序号: 23		类名: TestHashCode
正常输出: 
line1: 	Test passed


运行.class文件完成序号: 24		类名: Test6756768_2


运行.class文件完成序号: 25		类名: Test7179138_2
正常输出: 
line1: 	Java Version: 25.332-b09


运行.class文件完成序号: 26		类名: MulExactICondTest


运行.class文件完成序号: 27		类名: TestProfileConflictClassUnloading
错误输出: 
line1: 	Exception in thread "main" java.lang.ClassNotFoundException: B
line2: 		at java.net.URLClassLoader.findClass(URLClassLoader.java:387)
line3: 		at java.lang.ClassLoader.loadClass(ClassLoader.java:418)
line4: 		at java.lang.ClassLoader.loadClass(ClassLoader.java:351)
line5: 		at TestProfileConflictClassUnloading.main(TestProfileConflictClassUnloading.java:35)


运行.class文件完成序号: 28		类名: TestDeoptInt6769124


运行.class文件完成序号: 29		类名: TestByteLongVect
正常输出: 
line1: 	Testing Byte + Long vectors
line2: 	Warmup
line3: 	Verification
line4: 	Time
line5: 	test_ci: 1
line6: 	test_vi: 2
line7: 	test_cp: 13
line8: 	test_ci_neg: 2
line9: 	test_vi_neg: 33
line10: 	test_cp_neg: 2
line11: 	test_ci_oppos: 4
line12: 	test_vi_oppos: 4
line13: 	test_cp_oppos: 8
line14: 	test_ci_aln: 2
line15: 	test_vi_aln: 1
line16: 	test_cp_alndst: 2
line17: 	test_cp_alnsrc: 4
line18: 	test_ci_unaln: 1
line19: 	test_vi_unaln: 2
line20: 	test_cp_unalndst: 7
line21: 	test_cp_unalnsrc: 7
line22: 	PASSED


运行.class文件完成序号: 30		类名: Test8000805
正常输出: 
line1: 	TEST PASSED.


运行.class文件完成序号: 31		类名: Test6805724


运行.class文件完成序号: 32		类名: TestMultiplyLongHiZero


运行.class文件完成序号: 33		类名: Test8015436
正常输出: 
line1: 	someMethod() invoked
line2: 	defaultMethod() invoked directly
line3: 	defaultMethod() invoked via a MethodHandle


运行.class文件完成序号: 34		类名: Test8011901
正常输出: 
line1: 	Test Passed


运行.class文件完成序号: 35		类名: Test7103261


运行.class文件完成序号: 36		类名: SplitThruPhiTest


运行.class文件完成序号: 37		类名: TestByteIntVect
正常输出: 
line1: 	Testing Byte + Integer vectors
line2: 	Warmup
line3: 	Verification
line4: 	Time
line5: 	test_ci: 1
line6: 	test_vi: 2
line7: 	test_cp: 13
line8: 	test_ci_neg: 1
line9: 	test_vi_neg: 32
line10: 	test_cp_neg: 2
line11: 	test_ci_oppos: 4
line12: 	test_vi_oppos: 5
line13: 	test_cp_oppos: 8
line14: 	test_ci_aln: 1
line15: 	test_vi_aln: 1
line16: 	test_cp_alndst: 2
line17: 	test_cp_alnsrc: 3
line18: 	test_ci_unaln: 1
line19: 	test_vi_unaln: 1
line20: 	test_cp_unalndst: 8
line21: 	test_cp_unalnsrc: 7
line22: 	PASSED


运行.class文件完成序号: 38		类名: IntRotateWithImmediate
正常输出: 
line1: 	OK


运行.class文件完成序号: 39		类名: Basic
正常输出: 
line1: 	Test FAILS
错误输出: 
line1: 	Test2 failed
line2: 	Test3 failed
line3: 	Test4 failed
line4: 	Test5 failed
line5: 	Test6 failed
line6: 	Test7 failed
line7: 	Test8 failed
line8: 	Test9 failed
line9: 	Exception in thread "main" java.lang.Error: Test failed
line10: 		at Basic.main(Basic.java:182)


运行.class文件完成序号: 40		类名: Test7005594
错误输出: 
line1: 	Exception in thread "main" java.lang.OutOfMemoryError: Java heap space
line2: 		at Test7005594.main(Test7005594.java:12)


运行.class文件完成序号: 41		类名: Test6855215


运行.class文件完成序号: 42		类名: G1CrashTest
错误输出: 
line1: 	Exception in thread "main" java.lang.NullPointerException
line2: 		at G1CrashTest.main(G1CrashTest.java:6)


运行.class文件完成序号: 43		类名: Test6850611
正常输出: 
line1: 	sum: -4294967295
line2: 	sum: -4294967295
line3: 	sum: -4294967295
line4: 	sum: -4294967295
line5: 	sum: -4294967295


运行.class文件完成序号: 44		类名: TestAlignmentToUseLargePages


运行.class文件完成序号: 45		类名: TestStringObjectInitialization


运行.class文件完成序号: 46		类名: Test7190310
正常输出: 
line1: 	wr.get() returned null
line2: 	The Object is being finalized
line3: 	java.lang.ref.WeakReference@16d50866
line4: 	queueReader returned, ref==wr is true


运行.class文件完成序号: 47		类名: IntArithTests


运行.class文件完成序号: 48		类名: TestIntAtomicCAS
正常输出: 
line1: 	Testing Integer array atomic CAS operations
line2: 	Warmup
line3: 	Verification
line4: 	Time
line5: 	test_ci: 7
line6: 	test_vi: 7
line7: 	test_cp: 92
line8: 	test_2ci: 13
line9: 	test_2vi: 26
line10: 	test_ci_neg: 7
line11: 	test_vi_neg: 6
line12: 	test_cp_neg: 11
line13: 	test_2ci_neg: 13
line14: 	test_2vi_neg: 26
line15: 	test_ci_oppos: 6
line16: 	test_vi_oppos: 7
line17: 	test_cp_oppos: 11
line18: 	test_2ci_oppos: 26
line19: 	test_2vi_oppos: 25
line20: 	test_ci_off: 7
line21: 	test_vi_off: 7
line22: 	test_cp_off: 10
line23: 	test_2ci_off: 25
line24: 	test_2vi_off: 25
line25: 	test_ci_inv: 6
line26: 	test_vi_inv: 6
line27: 	test_cp_inv: 10
line28: 	test_2ci_inv: 24
line29: 	test_2vi_inv: 25
line30: 	test_ci_scl: 3
line31: 	test_vi_scl: 4
line32: 	test_cp_scl: 6
line33: 	test_2ci_scl: 13
line34: 	test_2vi_scl: 13
line35: 	test_cp_alndst: 10
line36: 	test_cp_alnsrc: 10
line37: 	test_2ci_aln: 11
line38: 	test_2vi_aln: 23
line39: 	test_cp_unalndst: 10
line40: 	test_cp_unalnsrc: 10
line41: 	test_2ci_unaln: 11
line42: 	test_2vi_unaln: 12
line43: 	PASSED


运行.class文件完成序号: 49		类名: Test6956668


运行.class文件完成序号: 50		类名: Test7020614
正常输出: 
line1: 	1: 62
line2: 	2: 61
line3: 	3: 61
line4: 	4: 59
line5: 	doNotOptimizeOut value: -100663296


运行.class文件完成序号: 51		类名: Test7002666


运行.class文件完成序号: 52		类名: ExecuteInternalVMTests


运行.class文件完成序号: 53		类名: GetUnsafeObjectG1PreBarrier


运行.class文件完成序号: 54		类名: TestCharShortByteSwap


运行.class文件完成序号: 55		类名: Test6885584


运行.class文件完成序号: 56		类名: LongCmpTests


运行.class文件完成序号: 57		类名: TestLockEliminatedAtDeopt


运行.class文件完成序号: 58		类名: Test7046096


运行.class文件完成序号: 59		类名: MontgomeryMultiplyTest


运行.class文件完成序号: 60		类名: TestEscapeThroughInvoke
错误输出: 
line1: 	Exception in thread "main" java.lang.NoSuchMethodError: A.<init>(Ljava/lang/Integer;)V
line2: 		at TestEscapeThroughInvoke.main(TestEscapeThroughInvoke.java:7)


运行.class文件完成序号: 61		类名: Test6982370


运行.class文件完成序号: 62		类名: TestG1HeapRegionSize
错误输出: 
line1: 	Exception in thread "main" java.lang.RuntimeException: Wrong number of arguments. Expected 1 but got 0
line2: 		at TestG1HeapRegionSize.getExpectedValue(TestG1HeapRegionSize.java:23)
line3: 		at TestG1HeapRegionSize.main(TestG1HeapRegionSize.java:9)


运行.class文件完成序号: 63		类名: Test6852078


运行.class文件完成序号: 64		类名: BMI1


运行.class文件完成序号: 65		类名: CatchInlineExceptions
正常输出: 
line1: 	TEST PASSED


运行.class文件完成序号: 66		类名: OopMaps


运行.class文件完成序号: 67		类名: TestShortDoubleVect
正常输出: 
line1: 	Testing Short + Double vectors
line2: 	Warmup
line3: 	Verification
line4: 	Time
line5: 	test_ci: 1
line6: 	test_vi: 2
line7: 	test_cp: 13
line8: 	test_ci_neg: 1
line9: 	test_vi_neg: 34
line10: 	test_cp_neg: 3
line11: 	test_ci_oppos: 5
line12: 	test_vi_oppos: 4
line13: 	test_cp_oppos: 8
line14: 	test_ci_aln: 2
line15: 	test_vi_aln: 2
line16: 	test_cp_alndst: 2
line17: 	test_cp_alnsrc: 4
line18: 	test_ci_unaln: 2
line19: 	test_vi_unaln: 2
line20: 	test_cp_unalndst: 7
line21: 	test_cp_unalnsrc: 7
line22: 	PASSED


运行.class文件完成序号: 68		类名: TestSHA
正常输出: 
line1: 	provider = SUN
line2: 	algorithm = SHA-1
line3: 	msgSize = 1024 bytes
line4: 	offset = 0
line5: 	iters = 100000
line6: 	hash [20]: 5b 00 66 9c 48 0d 5c ff bd fa 8b db a9 95 61 16 0f 2d 1b 77 
line7: 	TestSHA runtime = 0.420286217 seconds
line8: 	TestSHA throughput = 243.6434883135842 MB/s
line9: 	


运行.class文件完成序号: 69		类名: ThreadCpuTimesDeadlock
正常输出: 
line1: 	Successful iterations: 10000
line2: 	Successful iterations: 20000
line3: 	Successful iterations: 30000
line4: 	Successful iterations: 40000
line5: 	Successful iterations: 50000
line6: 	Successful iterations: 60000
line7: 	Successful iterations: 70000
line8: 	Successful iterations: 80000
line9: 	Successful iterations: 90000
line10: 	Successful iterations: 100000
line11: 	Successful iterations: 110000
line12: 	Successful iterations: 120000
line13: 	Successful iterations: 130000
line14: 	Successful iterations: 140000
line15: 	Successful iterations: 150000
line16: 	Successful iterations: 160000
line17: 	Successful iterations: 170000
line18: 	Successful iterations: 180000
line19: 	Successful iterations: 190000
line20: 	Successful iterations: 200000
line21: 	Successful iterations: 210000
line22: 	Successful iterations: 220000
line23: 	Successful iterations: 230000
line24: 	Successful iterations: 240000
line25: 	Successful iterations: 250000
line26: 	Successful iterations: 260000
line27: 	Successful iterations: 270000
line28: 	Successful iterations: 280000
line29: 	Successful iterations: 290000
line30: 	Successful iterations: 300000
line31: 	Successful iterations: 310000
line32: 	Successful iterations: 320000
line33: 	Successful iterations: 330000
line34: 	Successful iterations: 340000
line35: 	Successful iterations: 350000
line36: 	Successful iterations: 360000
line37: 	Successful iterations: 370000
line38: 	Successful iterations: 380000
line39: 	Successful iterations: 390000
line40: 	Successful iterations: 400000
line41: 	Successful iterations: 410000
line42: 	Successful iterations: 420000
line43: 	Successful iterations: 430000
line44: 	Successful iterations: 440000
line45: 	Successful iterations: 450000
line46: 	Successful iterations: 460000
line47: 	Successful iterations: 470000
line48: 	Successful iterations: 480000
line49: 	Successful iterations: 490000
line50: 	Successful iterations: 500000
line51: 	Successful iterations: 510000
line52: 	Successful iterations: 520000
line53: 	Successful iterations: 530000
line54: 	Successful iterations: 540000
line55: 	Successful iterations: 550000
line56: 	Successful iterations: 560000
line57: 	Successful iterations: 570000
line58: 	Successful iterations: 580000
line59: 	Successful iterations: 590000
line60: 	Successful iterations: 600000
line61: 	Successful iterations: 610000
line62: 	Successful iterations: 620000
line63: 	Successful iterations: 630000
line64: 	Successful iterations: 640000
line65: 	Successful iterations: 650000
line66: 	Successful iterations: 660000
line67: 	Successful iterations: 670000
line68: 	Successful iterations: 680000
line69: 	Successful iterations: 690000
line70: 	Successful iterations: 700000
line71: 	Successful iterations: 710000
line72: 	Successful iterations: 720000
line73: 	Successful iterations: 730000
line74: 	Successful iterations: 740000
line75: 	Successful iterations: 750000
line76: 	Successful iterations: 760000
line77: 	Successful iterations: 770000
line78: 	Successful iterations: 780000
line79: 	Successful iterations: 790000
line80: 	Successful iterations: 800000
line81: 	Successful iterations: 810000
line82: 	Successful iterations: 820000
line83: 	Successful iterations: 830000
line84: 	Successful iterations: 840000
line85: 	Successful iterations: 850000
line86: 	Successful iterations: 860000
line87: 	Successful iterations: 870000
line88: 	Successful iterations: 880000
line89: 	Successful iterations: 890000
line90: 	Successful iterations: 900000
line91: 	Successful iterations: 910000
line92: 	Successful iterations: 920000
line93: 	Successful iterations: 930000
line94: 	Successful iterations: 940000
line95: 	Successful iterations: 950000
line96: 	Successful iterations: 960000
line97: 	Successful iterations: 970000
line98: 	Successful iterations: 980000
line99: 	Successful iterations: 990000
line100: 	Successful iterations: 1000000
line101: 	Successful iterations: 1010000
line102: 	Successful iterations: 1020000
line103: 	Successful iterations: 1030000
line104: 	Successful iterations: 1040000
line105: 	Successful iterations: 1050000
line106: 	Successful iterations: 1060000
line107: 	Successful iterations: 1070000
line108: 	Successful iterations: 1080000
line109: 	Successful iterations: 1090000
line110: 	Successful iterations: 1100000
line111: 	Successful iterations: 1110000
line112: 	Successful iterations: 1120000
line113: 	Successful iterations: 1130000
line114: 	Successful iterations: 1140000
line115: 	Successful iterations: 1150000
line116: 	Successful iterations: 1160000
line117: 	Successful iterations: 1170000
line118: 	Successful iterations: 1180000
line119: 	Successful iterations: 1190000
line120: 	Successful iterations: 1200000
line121: 	Successful iterations: 1210000
line122: 	Successful iterations: 1220000
line123: 	Successful iterations: 1230000
line124: 	Successful iterations: 1240000
line125: 	Successful iterations: 1250000
line126: 	Successful iterations: 1260000
line127: 	Successful iterations: 1270000
line128: 	Successful iterations: 1280000
line129: 	Successful iterations: 1290000
line130: 	Successful iterations: 1300000
line131: 	Successful iterations: 1310000
line132: 	Successful iterations: 1320000
line133: 	Successful iterations: 1330000
line134: 	Successful iterations: 1340000
line135: 	Successful iterations: 1350000
line136: 	Successful iterations: 1360000
line137: 	Successful iterations: 1370000
line138: 	Successful iterations: 1380000
line139: 	Successful iterations: 1390000
line140: 	Successful iterations: 1400000
line141: 	Successful iterations: 1410000
line142: 	Successful iterations: 1420000
line143: 	Successful iterations: 1430000
line144: 	Successful iterations: 1440000
line145: 	Successful iterations: 1450000
line146: 	Successful iterations: 1460000
line147: 	Successful iterations: 1470000
line148: 	Successful iterations: 1480000
line149: 	Successful iterations: 1490000
line150: 	Successful iterations: 1500000
line151: 	Successful iterations: 1510000
line152: 	Successful iterations: 1520000
line153: 	Successful iterations: 1530000
line154: 	Successful iterations: 1540000
line155: 	Successful iterations: 1550000
line156: 	Successful iterations: 1560000
line157: 	Successful iterations: 1570000
line158: 	Successful iterations: 1580000
line159: 	Successful iterations: 1590000
line160: 	Successful iterations: 1600000
line161: 	Successful iterations: 1610000
line162: 	Successful iterations: 1620000
line163: 	Successful iterations: 1630000
line164: 	Successful iterations: 1640000
line165: 	Successful iterations: 1650000
line166: 	Successful iterations: 1660000
line167: 	Successful iterations: 1670000
line168: 	Successful iterations: 1680000
line169: 	Successful iterations: 1690000
line170: 	Successful iterations: 1700000
line171: 	Successful iterations: 1710000
line172: 	Successful iterations: 1720000
line173: 	Successful iterations: 1730000
line174: 	Successful iterations: 1740000
line175: 	Successful iterations: 1750000
line176: 	Successful iterations: 1760000
line177: 	Successful iterations: 1770000
line178: 	Successful iterations: 1780000
line179: 	Successful iterations: 1790000
line180: 	Successful iterations: 1800000
line181: 	Successful iterations: 1810000
line182: 	Successful iterations: 1820000
line183: 	Successful iterations: 1830000
line184: 	Successful iterations: 1840000
line185: 	Successful iterations: 1850000
line186: 	Successful iterations: 1860000
line187: 	Successful iterations: 1870000
line188: 	Successful iterations: 1880000
line189: 	Successful iterations: 1890000
line190: 	Successful iterations: 1900000
line191: 	Successful iterations: 1910000
line192: 	Successful iterations: 1920000
line193: 	Successful iterations: 1930000
line194: 	Successful iterations: 1940000
line195: 	Successful iterations: 1950000
line196: 	Successful iterations: 1960000
line197: 	Successful iterations: 1970000
line198: 	Successful iterations: 1980000
line199: 	Successful iterations: 1990000
line200: 	Successful iterations: 2000000
line201: 	Successful iterations: 2010000
line202: 	Successful iterations: 2020000
line203: 	Successful iterations: 2030000
line204: 	Successful iterations: 2040000
line205: 	Successful iterations: 2050000
line206: 	PASSED.


运行.class文件完成序号: 70		类名: SubExactICondTest


运行.class文件完成序号: 71		类名: TestIntUnsafeVolatile
正常输出: 
line1: 	Testing Integer array unsafe volatile operations
line2: 	Warmup
line3: 	Verification
line4: 	Time
line5: 	test_ci: 3
line6: 	test_vi: 2
line7: 	test_cp: 93
line8: 	test_2ci: 22
line9: 	test_2vi: 23
line10: 	test_ci_neg: 2
line11: 	test_vi_neg: 3
line12: 	test_cp_neg: 2
line13: 	test_2ci_neg: 21
line14: 	test_2vi_neg: 22
line15: 	test_ci_oppos: 2
line16: 	test_vi_oppos: 2
line17: 	test_cp_oppos: 5
line18: 	test_2ci_oppos: 22
line19: 	test_2vi_oppos: 22
line20: 	test_ci_off: 3
line21: 	test_vi_off: 2
line22: 	test_cp_off: 2
line23: 	test_2ci_off: 21
line24: 	test_2vi_off: 22
line25: 	test_ci_inv: 2
line26: 	test_vi_inv: 2
line27: 	test_cp_inv: 2
line28: 	test_2ci_inv: 24
line29: 	test_2vi_inv: 22
line30: 	test_ci_scl: 4
line31: 	test_vi_scl: 5
line32: 	test_cp_scl: 4
line33: 	test_2ci_scl: 11
line34: 	test_2vi_scl: 11
line35: 	test_cp_alndst: 2
line36: 	test_cp_alnsrc: 2
line37: 	test_2ci_aln: 19
line38: 	test_2vi_aln: 21
line39: 	test_cp_unalndst: 2
line40: 	test_cp_unalnsrc: 2
line41: 	test_2ci_unaln: 20
line42: 	test_2vi_unaln: 21
line43: 	PASSED


运行.class文件完成序号: 72		类名: CreatesInterfaceDotEqualsCallInfo
错误输出: 
line1: 	Exception in thread "main" java.io.IOException: ./createsInterfaceDotEqualsCallInfo.js is not a file
line2: 		at jdk.nashorn.internal.runtime.Source.readFully(Source.java:769)
line3: 		at jdk.nashorn.internal.runtime.Source$FileData.load(Source.java:377)
line4: 		at jdk.nashorn.internal.runtime.Source.sourceFor(Source.java:114)
line5: 		at jdk.nashorn.internal.runtime.Source.sourceFor(Source.java:499)
line6: 		at jdk.nashorn.internal.runtime.Source.sourceFor(Source.java:483)
line7: 		at jdk.nashorn.tools.Shell.runScripts(Shell.java:394)
line8: 		at jdk.nashorn.tools.Shell.run(Shell.java:179)
line9: 		at jdk.nashorn.tools.Shell.main(Shell.java:143)
line10: 		at CreatesInterfaceDotEqualsCallInfo.main(CreatesInterfaceDotEqualsCallInfo.java:5)


运行.class文件完成序号: 73		类名: TestByteFloatVect
正常输出: 
line1: 	Testing Byte + Float vectors
line2: 	Warmup
line3: 	Verification
line4: 	Time
line5: 	test_ci: 1
line6: 	test_vi: 2
line7: 	test_cp: 13
line8: 	test_ci_neg: 1
line9: 	test_vi_neg: 33
line10: 	test_cp_neg: 2
line11: 	test_ci_oppos: 5
line12: 	test_vi_oppos: 4
line13: 	test_cp_oppos: 8
line14: 	test_ci_aln: 1
line15: 	test_vi_aln: 1
line16: 	test_cp_alndst: 2
line17: 	test_cp_alnsrc: 3
line18: 	test_ci_unaln: 2
line19: 	test_vi_unaln: 0
line20: 	test_cp_unalndst: 7
line21: 	test_cp_unalnsrc: 6
line22: 	PASSED


运行.class文件完成序号: 74		类名: Test8020215
正常输出: 
line1: 	PASSED


运行.class文件完成序号: 75		类名: ArrayNewInstanceOfVoid


运行.class文件完成序号: 76		类名: Stemmer
错误输出: 
line1: 	Error: Could not find or load main class Stemmer


运行.class文件完成序号: 77		类名: Foo
错误输出: 
line1: 	Error: Main method not found in class Foo, please define the main method as:
line2: 	   public static void main(String[] args)
line3: 	or a JavaFX application class must extend javafx.application.Application


运行.class文件完成序号: 78		类名: TestFloatVect
正常输出: 
line1: 	Testing Float vectors
line2: 	Warmup
line3: 	Verification
line4: 	Time
line5: 	test_ci: 1
line6: 	test_vi: 1
line7: 	test_cp: 22
line8: 	test_2ci: 1
line9: 	test_2vi: 80
line10: 	test_ci_neg: 1
line11: 	test_vi_neg: 1
line12: 	test_cp_neg: 0
line13: 	test_2ci_neg: 2
line14: 	test_2vi_neg: 1
line15: 	test_ci_oppos: 4
line16: 	test_vi_oppos: 4
line17: 	test_cp_oppos: 4
line18: 	test_2ci_oppos: 8
line19: 	test_2vi_oppos: 7
line20: 	test_ci_off: 1
line21: 	test_vi_off: 1
line22: 	test_cp_off: 2
line23: 	test_2ci_off: 1
line24: 	test_2vi_off: 1
line25: 	test_ci_inv: 4
line26: 	test_vi_inv: 3
line27: 	test_cp_inv: 4
line28: 	test_2ci_inv: 7
line29: 	test_2vi_inv: 7
line30: 	test_ci_scl: 5
line31: 	test_vi_scl: 6
line32: 	test_cp_scl: 6
line33: 	test_2ci_scl: 7
line34: 	test_2vi_scl: 6
line35: 	test_cp_alndst: 2
line36: 	test_cp_alnsrc: 2
line37: 	test_2ci_aln: 2
line38: 	test_2vi_aln: 2
line39: 	test_cp_unalndst: 4
line40: 	test_cp_unalnsrc: 4
line41: 	test_2ci_unaln: 5
line42: 	test_2vi_unaln: 4
line43: 	PASSED


运行.class文件完成序号: 79		类名: CompareTest


运行.class文件完成序号: 80		类名: TestIntLongVect
正常输出: 
line1: 	Testing Integer + Long vectors
line2: 	Warmup
line3: 	Verification
line4: 	Time
line5: 	test_ci: 2
line6: 	test_vi: 2
line7: 	test_cp: 13
line8: 	test_ci_neg: 2
line9: 	test_vi_neg: 33
line10: 	test_cp_neg: 3
line11: 	test_ci_oppos: 5
line12: 	test_vi_oppos: 5
line13: 	test_cp_oppos: 8
line14: 	test_ci_aln: 2
line15: 	test_vi_aln: 2
line16: 	test_cp_alndst: 2
line17: 	test_cp_alnsrc: 4
line18: 	test_ci_unaln: 2
line19: 	test_vi_unaln: 2
line20: 	test_cp_unalndst: 8
line21: 	test_cp_unalnsrc: 11
line22: 	PASSED


运行.class文件完成序号: 81		类名: ConstFPVectorization
错误输出: 
line1: 	Exception in thread "main" java.lang.ArrayIndexOutOfBoundsException: 0
line2: 		at ConstFPVectorization.main(ConstFPVectorization.java:21)


运行.class文件完成序号: 82		类名: "
错误输出: 
line1: 	Error: Could not find or load main class "


运行.class文件完成序号: 83		类名: UnsafeAccess
错误输出: 
line1: 	Exception in thread "main" java.lang.ExceptionInInitializerError
line2: 	Caused by: java.lang.SecurityException: Unsafe
line3: 		at sun.misc.Unsafe.getUnsafe(Unsafe.java:90)
line4: 		at UnsafeAccess.<clinit>(UnsafeAccess.java:5)


运行.class文件完成序号: 84		类名: NullCheckTest
正常输出: 
line1: 	CORRECT: NullPointerException


运行.class文件完成序号: 85		类名: TestShortFloatVect
正常输出: 
line1: 	Testing Short + Float vectors
line2: 	Warmup
line3: 	Verification
line4: 	Time
line5: 	test_ci: 1
line6: 	test_vi: 1
line7: 	test_cp: 13
line8: 	test_ci_neg: 1
line9: 	test_vi_neg: 32
line10: 	test_cp_neg: 2
line11: 	test_ci_oppos: 5
line12: 	test_vi_oppos: 4
line13: 	test_cp_oppos: 8
line14: 	test_ci_aln: 2
line15: 	test_vi_aln: 2
line16: 	test_cp_alndst: 2
line17: 	test_cp_alnsrc: 3
line18: 	test_ci_unaln: 2
line19: 	test_vi_unaln: 2
line20: 	test_cp_unalndst: 8
line21: 	test_cp_unalnsrc: 7
line22: 	PASSED


运行.class文件完成序号: 86		类名: TestJNI
错误输出: 
line1: 	Exception in thread "main" java.lang.UnsatisfiedLinkError: no TestJNI in java.library.path
line2: 		at java.lang.ClassLoader.loadLibrary(ClassLoader.java:1860)
line3: 		at java.lang.Runtime.loadLibrary0(Runtime.java:871)
line4: 		at java.lang.System.loadLibrary(System.java:1124)
line5: 		at TestJNI.<clinit>(TestJNI.java:4)


运行.class文件完成序号: 87		类名: TestRemoveEmptyLoop
正常输出: 
line1: 	Test passed.


运行.class文件完成序号: 88		类名: Test6797305


运行.class文件完成序号: 89		类名: GVNTest


运行.class文件完成序号: 90		类名: LongArithTests


运行.class文件完成序号: 91		类名: TestIntAtomicVolatile
正常输出: 
line1: 	Testing Integer array atomic volatile operations
line2: 	Warmup
line3: 	Verification
line4: 	Time
line5: 	test_ci: 6
line6: 	test_vi: 8
line7: 	test_cp: 101
line8: 	test_2ci: 15
line9: 	test_2vi: 14
line10: 	test_ci_neg: 7
line11: 	test_vi_neg: 8
line12: 	test_cp_neg: 15
line13: 	test_2ci_neg: 14
line14: 	test_2vi_neg: 15
line15: 	test_ci_oppos: 8
line16: 	test_vi_oppos: 8
line17: 	test_cp_oppos: 11
line18: 	test_2ci_oppos: 15
line19: 	test_2vi_oppos: 22
line20: 	test_ci_off: 8
line21: 	test_vi_off: 7
line22: 	test_cp_off: 15
line23: 	test_2ci_off: 14
line24: 	test_2vi_off: 14
line25: 	test_ci_inv: 8
line26: 	test_vi_inv: 8
line27: 	test_cp_inv: 12
line28: 	test_2ci_inv: 14
line29: 	test_2vi_inv: 24
line30: 	test_ci_scl: 4
line31: 	test_vi_scl: 4
line32: 	test_cp_scl: 8
line33: 	test_2ci_scl: 7
line34: 	test_2vi_scl: 12
line35: 	test_cp_alndst: 13
line36: 	test_cp_alnsrc: 14
line37: 	test_2ci_aln: 14
line38: 	test_2vi_aln: 15
line39: 	test_cp_unalndst: 14
line40: 	test_cp_unalnsrc: 14
line41: 	test_2ci_unaln: 14
line42: 	test_2vi_unaln: 15
line43: 	PASSED


运行.class文件完成序号: 92		类名: TestFloatJNIArgs
正常输出: 
line1: 	could not load native lib: java.lang.UnsatisfiedLinkError: no TestFloatJNIArgs in java.library.path
错误输出: 
line1: 	Exception in thread "main" java.lang.UnsatisfiedLinkError: TestFloatJNIArgs.add15floats(FFFFFFFFFFFFFFF)F
line2: 		at TestFloatJNIArgs.add15floats(Native Method)
line3: 		at TestFloatJNIArgs.test(TestFloatJNIArgs.java:20)
line4: 		at TestFloatJNIArgs.main(TestFloatJNIArgs.java:40)


运行.class文件完成序号: 93		类名: CheckLongArgs
错误输出: 
line1: 	Exception in thread "main" java.lang.UnsatisfiedLinkError: no CNCheckLongArgs in java.library.path
line2: 		at java.lang.ClassLoader.loadLibrary(ClassLoader.java:1860)
line3: 		at java.lang.Runtime.loadLibrary0(Runtime.java:871)
line4: 		at java.lang.System.loadLibrary(System.java:1124)
line5: 		at CheckLongArgs.<clinit>(CheckLongArgs.java:4)


运行.class文件完成序号: 94		类名: SumTest


运行.class文件完成序号: 95		类名: BitTests
正常输出: 
line1: 	PASSED


运行.class文件完成序号: 96		类名: LoadWithMask


运行.class文件完成序号: 97		类名: TestByteBoxing
正常输出: 
line1: 	Passed.


运行.class文件完成序号: 98		类名: Test6814842


运行.class文件完成序号: 99		类名: TestSpecTrapClassUnloading


运行.class文件完成序号: 100		类名: Test7042153


运行.class文件完成序号: 101		类名: Test6795362


运行.class文件完成序号: 102		类名: DefaultAndConcreteMethodsCHA
错误输出: 
line1: 	Exception in thread "main" java.lang.NoSuchMethodError: A: method <init>()V not found
line2: 		at C.<init>(DefaultAndConcreteMethodsCHA.java:11)
line3: 		at DefaultAndConcreteMethodsCHA.main(DefaultAndConcreteMethodsCHA.java:29)


运行.class文件完成序号: 103		类名: TestIntFloatVect
正常输出: 
line1: 	Testing Integer + Float vectors
line2: 	Warmup
line3: 	Verification
line4: 	Time
line5: 	test_ci: 2
line6: 	test_vi: 1
line7: 	test_cp: 13
line8: 	test_ci_neg: 2
line9: 	test_vi_neg: 33
line10: 	test_cp_neg: 2
line11: 	test_ci_oppos: 5
line12: 	test_vi_oppos: 4
line13: 	test_cp_oppos: 8
line14: 	test_ci_aln: 2
line15: 	test_vi_aln: 2
line16: 	test_cp_alndst: 2
line17: 	test_cp_alnsrc: 4
line18: 	test_ci_unaln: 2
line19: 	test_vi_unaln: 2
line20: 	test_cp_unalndst: 7
line21: 	test_cp_unalnsrc: 7
line22: 	PASSED


运行.class文件完成序号: 104		类名: Test1


运行.class文件完成序号: 105		类名: Test6985295
正常输出: 
line1: 	max = 2147483647
line2: 	Passed


运行.class文件完成序号: 106		类名: Test7169782
正常输出: 
line1: 	Test passed.


运行.class文件完成序号: 107		类名: C1ObjectSpillInLogicOp


运行.class文件完成序号: 108		类名: Test6859338


运行.class文件完成序号: 109		类名: CRCTest
正常输出: 
line1: 	finished huge crc, crc1 = 2923299010, crc2 = 2923299010, crc3 = 2923299010, crc4 = 2923299010
line2: 	finished small survey crc, crc1 = 275273953, crc2 = 275273953, crc3 = 275273953, crc4 = 275273953


运行.class文件完成序号: 110		类名: LongMulOverflowTest


运行.class文件完成序号: 111		类名: Test6757316


运行.class文件完成序号: 112		类名: TestSystemGC


运行.class文件完成序号: 113		类名: intrinsics/Verifier
错误输出: 
line1: 	Exception in thread "main" java.lang.RuntimeException: Test bug, nothing to verify
line2: 		at intrinsics.Verifier.main(Verifier.java:55)


运行.class文件完成序号: 114		类名: Test7090976


运行.class文件完成序号: 115		类名: Test6909839
正常输出: 
line1: 	12500
line2: 	12500
line3: 	12500
line4: 	15000
line5: 	15000
line6: 	15000
line7: 	15000
line8: 	15000
line9: 	15000
line10: 	15000
line11: 	15000
line12: 	15000
line13: 	12500
line14: 	12500
line15: 	12500
line16: 	15000
line17: 	15000
line18: 	15000
line19: 	15000
line20: 	15000
line21: 	15000
line22: 	15000
line23: 	15000
line24: 	15000
line25: 	12500.0
line26: 	12500.0
line27: 	12500.0
line28: 	15000.0
line29: 	15000.0
line30: 	15000.0
line31: 	12500.0
line32: 	12500.0
line33: 	12500.0
line34: 	12500.0
line35: 	12500.0
line36: 	12500.0
line37: 	12500.0
line38: 	12500.0
line39: 	12500.0
line40: 	15000.0
line41: 	15000.0
line42: 	15000.0
line43: 	15000.0
line44: 	15000.0
line45: 	15000.0
line46: 	15000.0
line47: 	15000.0
line48: 	15000.0
line49: 	1153599404
line50: 	-741483640
line51: 	-841974620
line52: 	-1429681352
line53: 	-1754455592
line54: 	-410647896
line55: 	1171181864
line56: 	-1130630880
line57: 	2143904432
line58: 	97650928
line59: 	-1672078056
line60: 	1990409336


运行.class文件完成序号: 116		类名: Test7199742


运行.class文件完成序号: 117		类名: TestMulAdd
正常输出: 
line1: 	Success


运行.class文件完成序号: 118		类名: Test7110586


运行.class文件完成序号: 119		类名: TestFloatBoxing
正常输出: 
line1: 	Passed.


运行.class文件完成序号: 120		类名: TestShortBoxing
正常输出: 
line1: 	Passed.


运行.class文件完成序号: 121		类名: TestRangeCheck
正常输出: 
line1: 	Expected ArrayIndexOutOfBoundsException was thrown


运行.class文件完成序号: 122		类名: PrintInlining
正常输出: 
line1: 	Passed


运行.class文件完成序号: 123		类名: Test


运行.class文件完成序号: 124		类名: TestLongVect
正常输出: 
line1: 	Testing Long vectors
line2: 	Warmup
line3: 	Verification
line4: 	Time
line5: 	test_ci: 1
line6: 	test_vi: 1
line7: 	test_cp: 23
line8: 	test_2ci: 2
line9: 	test_2vi: 86
line10: 	test_ci_neg: 1
line11: 	test_vi_neg: 1
line12: 	test_cp_neg: 1
line13: 	test_2ci_neg: 2
line14: 	test_2vi_neg: 2
line15: 	test_ci_oppos: 4
line16: 	test_vi_oppos: 3
line17: 	test_cp_oppos: 6
line18: 	test_2ci_oppos: 7
line19: 	test_2vi_oppos: 7
line20: 	test_ci_off: 1
line21: 	test_vi_off: 0
line22: 	test_cp_off: 2
line23: 	test_2ci_off: 3
line24: 	test_2vi_off: 2
line25: 	test_ci_inv: 4
line26: 	test_vi_inv: 3
line27: 	test_cp_inv: 4
line28: 	test_2ci_inv: 7
line29: 	test_2vi_inv: 6
line30: 	test_ci_scl: 6
line31: 	test_vi_scl: 5
line32: 	test_cp_scl: 6
line33: 	test_2ci_scl: 7
line34: 	test_2vi_scl: 6
line35: 	test_cp_alndst: 2
line36: 	test_cp_alnsrc: 2
line37: 	test_2ci_aln: 3
line38: 	test_2vi_aln: 2
line39: 	test_cp_unalndst: 4
line40: 	test_cp_unalnsrc: 4
line41: 	test_2ci_unaln: 4
line42: 	test_2vi_unaln: 4
line43: 	PASSED


运行.class文件完成序号: 125		类名: Test7100757


运行.class文件完成序号: 126		类名: InlineDefaultMethod1
错误输出: 
line1: 	Error: A JNI error has occurred, please check your installation and try again
line2: 	Exception in thread "main" java.lang.VerifyError: Bad type on operand stack
line3: 	Exception Details:
line4: 	  Location:
line5: 	    InlineDefaultMethod1.main([Ljava/lang/String;)V @7: invokestatic
line6: 	  Reason:
line7: 	    Type 'B' (current frame, stack[0]) is not assignable to 'A'
line8: 	  Current Frame:
line9: 	    bci: @7
line10: 	    flags: { }
line11: 	    locals: { '[Ljava/lang/String;' }
line12: 	    stack: { 'B' }
line13: 	  Bytecode:
line14: 	    0x0000000: bb00 0b59 b700 0cb8 000d b200 0e12 0fb6
line15: 	    0x0000010: 0010 b1                                
line16: 	
line17: 		at java.lang.Class.getDeclaredMethods0(Native Method)
line18: 		at java.lang.Class.privateGetDeclaredMethods(Class.java:2701)
line19: 		at java.lang.Class.privateGetMethodRecursive(Class.java:3048)
line20: 		at java.lang.Class.getMethod0(Class.java:3018)
line21: 		at java.lang.Class.getMethod(Class.java:1784)
line22: 		at sun.launcher.LauncherHelper.validateMainClass(LauncherHelper.java:650)
line23: 		at sun.launcher.LauncherHelper.checkAndLoadMain(LauncherHelper.java:632)


运行.class文件完成序号: 127		类名: DoubleArithTests


运行.class文件完成序号: 128		类名: JMapHProfLargeHeapProc
错误输出: 
line1: 	Exception in thread "main" java.lang.ArrayIndexOutOfBoundsException: 0
line2: 		at JMapHProfLargeHeapProc.buildLargeHeap(JMapHProfLargeHeapProc.java:20)
line3: 		at JMapHProfLargeHeapProc.main(JMapHProfLargeHeapProc.java:14)


运行.class文件完成序号: 129		类名: LongShiftTests


运行.class文件完成序号: 130		类名: Test6758234


运行.class文件完成序号: 131		类名: sun/hotspot/WhiteBox
错误输出: 
line1: 	Exception in thread "main" java.lang.UnsatisfiedLinkError: sun.hotspot.WhiteBox.registerNatives()V
line2: 		at sun.hotspot.WhiteBox.registerNatives(Native Method)
line3: 		at sun.hotspot.WhiteBox.<clinit>(WhiteBox.java:9)


运行.class文件完成序号: 132		类名: IntLogicTests


运行.class文件完成序号: 133		类名: TestShortLongVect
正常输出: 
line1: 	Testing Short + Long vectors
line2: 	Warmup
line3: 	Verification
line4: 	Time
line5: 	test_ci: 1
line6: 	test_vi: 2
line7: 	test_cp: 13
line8: 	test_ci_neg: 2
line9: 	test_vi_neg: 33
line10: 	test_cp_neg: 2
line11: 	test_ci_oppos: 5
line12: 	test_vi_oppos: 4
line13: 	test_cp_oppos: 9
line14: 	test_ci_aln: 2
line15: 	test_vi_aln: 2
line16: 	test_cp_alndst: 2
line17: 	test_cp_alnsrc: 4
line18: 	test_ci_unaln: 1
line19: 	test_vi_unaln: 1
line20: 	test_cp_unalndst: 8
line21: 	test_cp_unalnsrc: 7
line22: 	PASSED


运行.class文件完成序号: 134		类名: TestFloatDoubleVect
正常输出: 
line1: 	Testing Float + Double vectors
line2: 	Warmup
line3: 	Verification
line4: 	Time
line5: 	test_ci: 2
line6: 	test_vi: 2
line7: 	test_cp: 18
line8: 	test_ci_neg: 2
line9: 	test_vi_neg: 34
line10: 	test_cp_neg: 2
line11: 	test_ci_oppos: 5
line12: 	test_vi_oppos: 4
line13: 	test_cp_oppos: 8
line14: 	test_ci_aln: 3
line15: 	test_vi_aln: 2
line16: 	test_cp_alndst: 3
line17: 	test_cp_alnsrc: 3
line18: 	test_ci_unaln: 2
line19: 	test_vi_unaln: 3
line20: 	test_cp_unalndst: 7
line21: 	test_cp_unalnsrc: 8
line22: 	PASSED


运行.class文件完成序号: 135		类名: TestDeadBackbranchArrayAccess


运行.class文件完成序号: 136		类名: IntCmpTests


运行.class文件完成序号: 137		类名: Test6700047


运行.class文件完成序号: 138		类名: Test7024475


运行.class文件完成序号: 139		类名: TestGreyReclaimedHumongousObjects
正常输出: 
line1: 	Max memory= 921174016 bytes
错误输出: 
line1: 	Exception in thread "main" java.lang.RuntimeException: Object size argument must be supplied
line2: 		at TestGreyReclaimedHumongousObjects.main(TestGreyReclaimedHumongousObjects.java:62)


运行.class文件完成序号: 140		类名: TestMultiplyToLen
正常输出: 
line1: 	Success


运行.class文件完成序号: 141		类名: TestShrinkToOneRegion


运行.class文件完成序号: 142		类名: NestedMathExactTest


运行.class文件完成序号: 143		类名: Test6981737
正常输出: 
line1: 	Checking java.version: "1.8.0_332".matches("[0-9]+\.[0-9]+\..*")... yes.
line2: 	Checking java.vm.specification.vendor: "Oracle Corporation".matches("Oracle Corporation")... yes.
line3: 	Checking java.specification.vendor: "Oracle Corporation".matches("Oracle Corporation")... yes.
line4: 	Checking java.vm.specification.version: "1.8".matches("1\.8")... yes.
line5: 	PASS


运行.class文件完成序号: 144		类名: Marker
错误输出: 
line1: 	Error: Could not find or load main class Marker


运行.class文件完成序号: 145		类名: Test6443505


运行.class文件完成序号: 146		类名: Test7009231


运行.class文件完成序号: 147		类名: TestRecursiveReplacedException


运行.class文件完成序号: 148		类名: Runner2
错误输出: 
line1: 	Error: Could not find or load main class Runner2


运行.class文件完成序号: 149		类名: TestShortIntVect
正常输出: 
line1: 	Testing Short + Integer vectors
line2: 	Warmup
line3: 	Verification
line4: 	Time
line5: 	test_ci: 1
line6: 	test_vi: 2
line7: 	test_cp: 13
line8: 	test_ci_neg: 1
line9: 	test_vi_neg: 35
line10: 	test_cp_neg: 2
line11: 	test_ci_oppos: 5
line12: 	test_vi_oppos: 4
line13: 	test_cp_oppos: 9
line14: 	test_ci_aln: 2
line15: 	test_vi_aln: 1
line16: 	test_cp_alndst: 3
line17: 	test_cp_alnsrc: 3
line18: 	test_ci_unaln: 2
line19: 	test_vi_unaln: 2
line20: 	test_cp_unalndst: 7
line21: 	test_cp_unalnsrc: 7
line22: 	PASSED


运行.class文件完成序号: 150		类名: Test5091921
正常输出: 
line1: 	test_ge1: Expected exception caught
line2: 	test_ge1 WORKED
line3: 	test_le1: Expected exception caught
line4: 	test_le1 WORKED
line5: 	test_wrap1 WORKED
line6: 	test_rce5 WORKED
line7: 	test_rce6 WORKED
line8: 	test_rce7 WORKED
line9: 	test_rce8 WORKED


运行.class文件完成序号: 151		类名: HasNonStatic


运行.class文件完成序号: 152		类名: Internal
错误输出: 
line1: 	Error: Could not find or load main class Internal


运行.class文件完成序号: 153		类名: FieldMonitor
正常输出: 
line1: 	home
line2: 	options
line3: 	main
line4: 	suspend
line5: 	quote
line6: 	vmexec
line7: 	Vm launched
line8: 	FieldMonitor-main receives: VMStartEvent in thread main
line9: 	resume...
line10: 	testvm: Error: Could not find or load main class TestPostFieldModification
line11: 	FieldMonitor-main receives: VMDeathEvent
line12: 	resume...
错误输出: 
line1: 	Exception in thread "main" java.lang.Error: Expected to receive 11 times ModificationWatchpointEvent, but got 0
line2: 		at FieldMonitor.main(FieldMonitor.java:79)


运行.class文件完成序号: 154		类名: Test6880034
错误输出: 
line1: 	Exception in thread "main" java.lang.NoSuchMethodError: A: method <init>()V not found
line2: 		at G.<clinit>(Test6880034.java:20)
line3: 		at Test6880034.main(Test6880034.java:72)


运行.class文件完成序号: 155		类名: TestCharVect
正常输出: 
line1: 	Testing Char vectors
line2: 	Warmup
line3: 	Verification
line4: 	Time
line5: 	test_ci: 0
line6: 	test_vi: 1
line7: 	test_cp: 21
line8: 	test_2ci: 1
line9: 	test_2vi: 81
line10: 	test_ci_neg: 1
line11: 	test_vi_neg: 1
line12: 	test_cp_neg: 1
line13: 	test_2ci_neg: 1
line14: 	test_2vi_neg: 1
line15: 	test_ci_oppos: 4
line16: 	test_vi_oppos: 3
line17: 	test_cp_oppos: 5
line18: 	test_2ci_oppos: 7
line19: 	test_2vi_oppos: 7
line20: 	test_ci_off: 1
line21: 	test_vi_off: 1
line22: 	test_cp_off: 0
line23: 	test_2ci_off: 1
line24: 	test_2vi_off: 1
line25: 	test_ci_inv: 4
line26: 	test_vi_inv: 3
line27: 	test_cp_inv: 4
line28: 	test_2ci_inv: 7
line29: 	test_2vi_inv: 7
line30: 	test_ci_scl: 5
line31: 	test_vi_scl: 5
line32: 	test_cp_scl: 6
line33: 	test_2ci_scl: 7
line34: 	test_2vi_scl: 6
line35: 	test_cp_alndst: 1
line36: 	test_cp_alnsrc: 2
line37: 	test_2ci_aln: 1
line38: 	test_2vi_aln: 2
line39: 	test_cp_unalndst: 4
line40: 	test_cp_unalnsrc: 4
line41: 	test_2ci_unaln: 4
line42: 	test_2vi_unaln: 4
line43: 	PASSED


运行.class文件完成序号: 156		类名: TestLogSum


运行.class文件完成序号: 157		类名: Test6823354


运行.class文件完成序号: 158		类名: Test7125879


运行.class文件完成序号: 159		类名: TestArraysFillDeadControl


运行.class文件完成序号: 160		类名: Test6732154
正常输出: 
line1: 	Test passed.


运行.class文件完成序号: 161		类名: Test7044738


运行.class文件完成序号: 162		类名: Test6990212
正常输出: 
line1: 	got expected ClassCastException


运行.class文件完成序号: 163		类名: Test6581734
正常输出: 
line1: 	Defaulting to monitor CMS pool and collector.
line2: 	............................................................................................................................................................................................................................................................................................................Done allocationWork
line3: 	found pool: Code Cache
line4: 	found pool: Metaspace
line5: 	found pool: Compressed Class Space
line6: 	found pool: PS Eden Space
line7: 	found pool: PS Survivor Space
line8: 	found pool: PS Old Gen
错误输出: 
line1: 	Exception in thread "main" java.lang.RuntimeException: No matching memory pools found: test with -XX:+UseConcMarkSweepGC
line2: 		at Test6581734.run(Test6581734.java:49)
line3: 		at Test6581734.main(Test6581734.java:18)


运行.class文件完成序号: 164		类名: FloatingPointFoldingTest


运行.class文件完成序号: 165		类名: NullConstantReceiver
正常输出: 
line1: 	TEST PASSED


运行.class文件完成序号: 166		类名: TestIntUnsafeCAS
正常输出: 
line1: 	Testing Integer array unsafe CAS operations
line2: 	Warmup
line3: 	Verification
line4: 	Time
line5: 	test_ci: 7
line6: 	test_vi: 6
line7: 	test_cp: 92
line8: 	test_2ci: 17
line9: 	test_2vi: 18
line10: 	test_ci_neg: 6
line11: 	test_vi_neg: 6
line12: 	test_cp_neg: 6
line13: 	test_2ci_neg: 18
line14: 	test_2vi_neg: 17
line15: 	test_ci_oppos: 7
line16: 	test_vi_oppos: 6
line17: 	test_cp_oppos: 9
line18: 	test_2ci_oppos: 18
line19: 	test_2vi_oppos: 18
line20: 	test_ci_off: 6
line21: 	test_vi_off: 6
line22: 	test_cp_off: 8
line23: 	test_2ci_off: 17
line24: 	test_2vi_off: 17
line25: 	test_ci_inv: 6
line26: 	test_vi_inv: 7
line27: 	test_cp_inv: 9
line28: 	test_2ci_inv: 17
line29: 	test_2vi_inv: 17
line30: 	test_ci_scl: 4
line31: 	test_vi_scl: 3
line32: 	test_cp_scl: 5
line33: 	test_2ci_scl: 9
line34: 	test_2vi_scl: 8
line35: 	test_cp_alndst: 6
line36: 	test_cp_alnsrc: 10
line37: 	test_2ci_aln: 17
line38: 	test_2vi_aln: 20
line39: 	test_cp_unalndst: 6
line40: 	test_cp_unalnsrc: 10
line41: 	test_2ci_unaln: 18
line42: 	test_2vi_unaln: 21
line43: 	PASSED


运行.class文件完成序号: 167		类名: Test6795465


运行.class文件完成序号: 168		类名: Test8005419
正常输出: 
line1: 	Start testing
line2: 	PASSED


运行.class文件完成序号: 169		类名: TestByteDoubleVect
正常输出: 
line1: 	Testing Byte + Double vectors
line2: 	Warmup
line3: 	Verification
line4: 	Time
line5: 	test_ci: 2
line6: 	test_vi: 2
line7: 	test_cp: 13
line8: 	test_ci_neg: 2
line9: 	test_vi_neg: 33
line10: 	test_cp_neg: 2
line11: 	test_ci_oppos: 4
line12: 	test_vi_oppos: 4
line13: 	test_cp_oppos: 8
line14: 	test_ci_aln: 1
line15: 	test_vi_aln: 2
line16: 	test_cp_alndst: 2
line17: 	test_cp_alnsrc: 4
line18: 	test_ci_unaln: 1
line19: 	test_vi_unaln: 2
line20: 	test_cp_unalndst: 7
line21: 	test_cp_unalnsrc: 7
line22: 	PASSED


运行.class文件完成序号: 170		类名: TestFullGCCount
正常输出: 
line1: 	Checking: PS MarkSweep
line2: 	Checking: PS Scavenge
line3: 	Passed.


运行.class文件完成序号: 171		类名: Test6896617
正常输出: 
line1: 	Testing different source and destination sizes
line2: 	Testing big char
line3: 	Testing ISO_8859_1$Encode.encodeArrayLoop() performance
line4: 	size: 256 time: 48
line5: 	Testing ISO_8859_1$Encode.encode() performance
line6: 	size: 256 time: 26
line7: 	PASSED


运行.class文件完成序号: 172		类名: TestDeoptOOM
正常输出: 
line1: 	OOM caught in m1
line2: 	OOM caught in m2_1
line3: 	OOM caught in m3_1
line4: 	OOM caught in m4
line5: 	OOM caught in m5
line6: 	OOM caught in m6
line7: 	OOM caught in m7_1
line8: 	Acquiring lock
line9: 	Lock acquired
line10: 	Lock released
line11: 	OOM caught in m8


运行.class文件完成序号: 173		类名: TestRegionAlignment


运行.class文件完成序号: 174		类名: Inheritance1
正常输出: 
line1: 	Test FAILS
错误输出: 
line1: 	A2_R1 failed
line2: 	A3_R1 failed
line3: 	A1_R2 failed
line4: 	A2_R2 failed
line5: 	A3_R2 failed
line6: 	A1_R3 failed
line7: 	A2_R3 failed
line8: 	A3_R3 failed
line9: 	Exception in thread "main" java.lang.Error: Test failed
line10: 		at Inheritance1.main(Inheritance1.java:155)


运行.class文件完成序号: 175		类名: TestIntUnsafeOrdered
正常输出: 
line1: 	Testing Integer array unsafe ordered operations
line2: 	Warmup
line3: 	Verification
line4: 	Time
line5: 	test_ci: 1
line6: 	test_vi: 1
line7: 	test_cp: 87
line8: 	test_2ci: 4
line9: 	test_2vi: 5
line10: 	test_ci_neg: 0
line11: 	test_vi_neg: 1
line12: 	test_cp_neg: 0
line13: 	test_2ci_neg: 5
line14: 	test_2vi_neg: 4
line15: 	test_ci_oppos: 0
line16: 	test_vi_oppos: 0
line17: 	test_cp_oppos: 1
line18: 	test_2ci_oppos: 5
line19: 	test_2vi_oppos: 5
line20: 	test_ci_off: 1
line21: 	test_vi_off: 0
line22: 	test_cp_off: 0
line23: 	test_2ci_off: 5
line24: 	test_2vi_off: 5
line25: 	test_ci_inv: 0
line26: 	test_vi_inv: 1
line27: 	test_cp_inv: 0
line28: 	test_2ci_inv: 5
line29: 	test_2vi_inv: 6
line30: 	test_ci_scl: 1
line31: 	test_vi_scl: 1
line32: 	test_cp_scl: 1
line33: 	test_2ci_scl: 3
line34: 	test_2vi_scl: 3
line35: 	test_cp_alndst: 0
line36: 	test_cp_alnsrc: 0
line37: 	test_2ci_aln: 5
line38: 	test_2vi_aln: 4
line39: 	test_cp_unalndst: 1
line40: 	test_cp_unalnsrc: 0
line41: 	test_2ci_unaln: 5
line42: 	test_2vi_unaln: 4
line43: 	PASSED


运行.class文件完成序号: 176		类名: Test6891750


运行.class文件完成序号: 177		类名: DisableResizePLAB


运行.class文件完成序号: 178		类名: FloatArithTests


运行.class文件完成序号: 179		类名: compiler/unsafe/OpaqueAccesses
错误输出: 
line1: 	Exception in thread "main" java.lang.ExceptionInInitializerError
line2: 	Caused by: java.lang.SecurityException: Unsafe
line3: 		at sun.misc.Unsafe.getUnsafe(Unsafe.java:90)
line4: 		at compiler.unsafe.OpaqueAccesses.<clinit>(OpaqueAccesses.java:9)


运行.class文件完成序号: 180		类名: Test5057225


运行.class文件完成序号: 181		类名: TestTypePropagationToCmpU


运行.class文件完成序号: 182		类名: Test6800154


运行.class文件完成序号: 183		类名: Test2


运行.class文件完成序号: 184		类名: TestCharShortVect
正常输出: 
line1: 	Testing Char + Short vectors
line2: 	Warmup
line3: 	Verification
line4: 	Time
line5: 	test_ci: 1
line6: 	test_vi: 1
line7: 	test_cp: 13
line8: 	test_ci_neg: 1
line9: 	test_vi_neg: 32
line10: 	test_cp_neg: 2
line11: 	test_ci_oppos: 4
line12: 	test_vi_oppos: 5
line13: 	test_cp_oppos: 8
line14: 	test_ci_aln: 1
line15: 	test_vi_aln: 2
line16: 	test_cp_alndst: 2
line17: 	test_cp_alnsrc: 2
line18: 	test_ci_unaln: 4
line19: 	test_vi_unaln: 5
line20: 	test_cp_unalndst: 7
line21: 	test_cp_unalnsrc: 7
line22: 	PASSED


运行.class文件完成序号: 185		类名: TestBooleanVect
正常输出: 
line1: 	Testing Boolean vectors
line2: 	Warmup
line3: 	Verification
line4: 	Time
line5: 	test_ci: 0
line6: 	test_vi: 0
line7: 	test_cp: 22
line8: 	test_2ci: 1
line9: 	test_2vi: 82
line10: 	test_ci_neg: 1
line11: 	test_vi_neg: 0
line12: 	test_cp_neg: 1
line13: 	test_2ci_neg: 1
line14: 	test_2vi_neg: 1
line15: 	test_ci_oppos: 5
line16: 	test_vi_oppos: 3
line17: 	test_cp_oppos: 5
line18: 	test_2ci_oppos: 7
line19: 	test_2vi_oppos: 7
line20: 	test_ci_off: 0
line21: 	test_vi_off: 1
line22: 	test_cp_off: 1
line23: 	test_2ci_off: 1
line24: 	test_2vi_off: 1
line25: 	test_ci_inv: 3
line26: 	test_vi_inv: 4
line27: 	test_cp_inv: 4
line28: 	test_2ci_inv: 6
line29: 	test_2vi_inv: 7
line30: 	test_ci_scl: 6
line31: 	test_vi_scl: 5
line32: 	test_cp_scl: 9
line33: 	test_2ci_scl: 7
line34: 	test_2vi_scl: 8
line35: 	test_cp_alndst: 0
line36: 	test_cp_alnsrc: 1
line37: 	test_2ci_aln: 1
line38: 	test_2vi_aln: 1
line39: 	test_cp_unalndst: 4
line40: 	test_cp_unalnsrc: 4
line41: 	test_2ci_unaln: 3
line42: 	test_2vi_unaln: 3
line43: 	PASSED


运行.class文件完成序号: 186		类名: Test6879902


运行.class文件完成序号: 187		类名: UnsafeVolatileGuardTest


运行.class文件完成序号: 188		类名: TestUnalignedLoad6769124


运行.class文件完成序号: 189		类名: Test6837011


运行.class文件完成序号: 190		类名: Test6796786


运行.class文件完成序号: 191		类名: Test7052494
正常输出: 
line1: 	test1
line2: 	test2
line3: 	test3
line4: 	test4
line5: 	test5
line6: 	test6
line7: 	finish


运行.class文件完成序号: 192		类名: Test7123108


运行.class文件完成序号: 193		类名: Test7068051
错误输出: 
line1: 	Exception in thread "main" java.lang.ArrayIndexOutOfBoundsException: 0
line2: 		at Test7068051.main(Test7068051.java:9)


运行.class文件完成序号: 194		类名: InlineDefaultMethod
错误输出: 
line1: 	PASSED


运行.class文件完成序号: 195		类名: Test8002069
错误输出: 
line1: 	Error: A JNI error has occurred, please check your installation and try again
line2: 	Exception in thread "main" java.lang.VerifyError: Bad type on operand stack
line3: 	Exception Details:
line4: 	  Location:
line5: 	    Test8002069.test2(I)I @17: putfield
line6: 	  Reason:
line7: 	    Type 'B' (current frame, stack[1]) is not assignable to 'O'
line8: 	  Current Frame:
line9: 	    bci: @17
line10: 	    flags: { }
line11: 	    locals: { integer, 'Test8002069' }
line12: 	    stack: { 'Test8002069', 'B' }
line13: 	  Bytecode:
line14: 	    0x0000000: bb00 0f59 b700 104c 2bbb 0014 5908 b700
line15: 	    0x0000010: 15b5 000d 1ab8 0016 572b 1ab7 0013 ac  
line16: 	
line17: 		at java.lang.Class.getDeclaredMethods0(Native Method)
line18: 		at java.lang.Class.privateGetDeclaredMethods(Class.java:2701)
line19: 		at java.lang.Class.privateGetMethodRecursive(Class.java:3048)
line20: 		at java.lang.Class.getMethod0(Class.java:3018)
line21: 		at java.lang.Class.getMethod(Class.java:1784)
line22: 		at sun.launcher.LauncherHelper.validateMainClass(LauncherHelper.java:650)
line23: 		at sun.launcher.LauncherHelper.checkAndLoadMain(LauncherHelper.java:632)


运行.class文件完成序号: 196		类名: LongReferenceCastingTest


运行.class文件完成序号: 197		类名: TestDoubleBoxing
正常输出: 
line1: 	Passed.


运行.class文件完成序号: 198		类名: UnsafeGetAddressTest
正常输出: 
line1: 	1: was 0x80000000, expected 0x80000000
line2: 	2: was 0x80000000, expected 0x80000000
line3: 	Test Passed


运行.class文件完成序号: 199		类名: LoadWithMask2
正常输出: 
line1: 	PASSED


运行.class文件完成序号: 200		类名: Test6905845
正常输出: 
line1: 	54366674
line2: 	54366674
line3: 	54366674
line4: 	54366674
line5: 	54366674
line6: 	54366674
line7: 	54366674
line8: 	54366674
line9: 	54366674
line10: 	54366674


运行.class文件完成序号: 201		类名: TestIntBoxing
正常输出: 
line1: 	Passed.


运行.class文件完成序号: 202		类名: TestMemBarAcquire


运行.class文件完成序号: 203		类名: Test7041100
错误输出: 
line1: 	Exception in thread "main" java.lang.ArrayIndexOutOfBoundsException: 0
line2: 		at Test7041100.main(Test7041100.java:7)


运行.class文件完成序号: 204		类名: TestDoubleVect
正常输出: 
line1: 	Testing Double vectors
line2: 	Warmup
line3: 	Verification
line4: 	Time
line5: 	test_ci: 1
line6: 	test_vi: 1
line7: 	test_cp: 23
line8: 	test_2ci: 2
line9: 	test_2vi: 84
line10: 	test_ci_neg: 1
line11: 	test_vi_neg: 1
line12: 	test_cp_neg: 1
line13: 	test_2ci_neg: 3
line14: 	test_2vi_neg: 2
line15: 	test_ci_oppos: 4
line16: 	test_vi_oppos: 3
line17: 	test_cp_oppos: 5
line18: 	test_2ci_oppos: 7
line19: 	test_2vi_oppos: 6
line20: 	test_ci_off: 1
line21: 	test_vi_off: 1
line22: 	test_cp_off: 2
line23: 	test_2ci_off: 3
line24: 	test_2vi_off: 2
line25: 	test_ci_inv: 4
line26: 	test_vi_inv: 3
line27: 	test_cp_inv: 4
line28: 	test_2ci_inv: 6
line29: 	test_2vi_inv: 6
line30: 	test_ci_scl: 5
line31: 	test_vi_scl: 5
line32: 	test_cp_scl: 6
line33: 	test_2ci_scl: 6
line34: 	test_2vi_scl: 6
line35: 	test_cp_alndst: 2
line36: 	test_cp_alnsrc: 3
line37: 	test_2ci_aln: 2
line38: 	test_2vi_aln: 2
line39: 	test_cp_unalndst: 4
line40: 	test_cp_unalnsrc: 4
line41: 	test_2ci_unaln: 4
line42: 	test_2vi_unaln: 4
line43: 	PASSED


运行.class文件完成序号: 205		类名: TestByteShortVect
正常输出: 
line1: 	Testing Byte + Short vectors
line2: 	Warmup
line3: 	Verification
line4: 	Time
line5: 	test_ci: 1
line6: 	test_vi: 2
line7: 	test_cp: 12
line8: 	test_ci_neg: 1
line9: 	test_vi_neg: 32
line10: 	test_cp_neg: 2
line11: 	test_ci_oppos: 4
line12: 	test_vi_oppos: 4
line13: 	test_cp_oppos: 8
line14: 	test_ci_aln: 1
line15: 	test_vi_aln: 1
line16: 	test_cp_alndst: 3
line17: 	test_cp_alnsrc: 2
line18: 	test_ci_unaln: 1
line19: 	test_vi_unaln: 1
line20: 	test_cp_unalndst: 7
line21: 	test_cp_unalnsrc: 7
line22: 	PASSED


运行.class文件完成序号: 206		类名: Test7190310_unsafe
正常输出: 
line1: 	referent: TestObject
错误输出: 
line1: 	Warmup
line2: 	Verification


运行.class文件完成序号: 207		类名: Test7179138_1
正常输出: 
line1: 	Java Version: 25.332-b09


运行.class文件完成序号: 208		类名: IntShiftTests


运行.class文件完成序号: 209		类名: FloatCmpTests


运行.class文件完成序号: 210		类名: DoubleCmpTests


运行.class文件完成序号: 211		类名: Test6897150


运行.class文件完成序号: 212		类名: Test6357214
错误输出: 
line1: 	Exception in thread "main" java.lang.Exception: Need eventID or eventContentKey
line2: 		at Test6357214.create(Test6357214.java:50)
line3: 		at Test6357214.main(Test6357214.java:118)


运行.class文件完成序号: 213		类名: Test6916644


运行.class文件完成序号: 214		类名: LongLogicTests


运行.class文件完成序号: 215		类名: TestByteVect
正常输出: 
line1: 	Testing Byte vectors
line2: 	Warmup
line3: 	Verification
line4: 	Time
line5: 	test_ci: 0
line6: 	test_vi: 0
line7: 	test_cp: 21
line8: 	test_2ci: 2
line9: 	test_2vi: 79
line10: 	test_ci_neg: 0
line11: 	test_vi_neg: 1
line12: 	test_cp_neg: 1
line13: 	test_2ci_neg: 1
line14: 	test_2vi_neg: 1
line15: 	test_ci_oppos: 4
line16: 	test_vi_oppos: 4
line17: 	test_cp_oppos: 4
line18: 	test_2ci_oppos: 7
line19: 	test_2vi_oppos: 7
line20: 	test_ci_off: 1
line21: 	test_vi_off: 0
line22: 	test_cp_off: 1
line23: 	test_2ci_off: 1
line24: 	test_2vi_off: 1
line25: 	test_ci_inv: 4
line26: 	test_vi_inv: 3
line27: 	test_cp_inv: 4
line28: 	test_2ci_inv: 7
line29: 	test_2vi_inv: 7
line30: 	test_ci_scl: 5
line31: 	test_vi_scl: 5
line32: 	test_cp_scl: 9
line33: 	test_2ci_scl: 9
line34: 	test_2vi_scl: 9
line35: 	test_cp_alndst: 1
line36: 	test_cp_alnsrc: 0
line37: 	test_2ci_aln: 1
line38: 	test_2vi_aln: 1
line39: 	test_cp_unalndst: 4
line40: 	test_cp_unalnsrc: 4
line41: 	test_2ci_unaln: 4
line42: 	test_2vi_unaln: 3
line43: 	PASSED


运行.class文件完成序号: 216		类名: SpreadNullArg
正常输出: 
line1: 	Expected exception : java.lang.IllegalArgumentException: array is not of length 1


运行.class文件完成序号: 217		类名: TestFalseDeadLock
正常输出: 
line1: 	Hullo
line2: 	Hullo
line3: 	Hullo
line4: 	Hullo
line5: 	Hullo
line6: 	Hullo
line7: 	Hullo
line8: 	Hullo
line9: 	Hullo
line10: 	Hullo
line11: 	Hullo
line12: 	Hullo
line13: 	Hullo
line14: 	Hullo
line15: 	Hullo
line16: 	Hullo
line17: 	Hullo
line18: 	Hullo
line19: 	Hullo
line20: 	Hullo
line21: 	Hullo
line22: 	Hullo
line23: 	Hullo
line24: 	Hullo
line25: 	Hullo
line26: 	Hullo
line27: 	Hullo
line28: 	Hullo
line29: 	Hullo
line30: 	Hullo
line31: 	Hullo
line32: 	Hullo
line33: 	Hullo
line34: 	Hullo
line35: 	Hullo
line36: 	Hullo
line37: 	Hullo
line38: 	Hullo
line39: 	Hullo
line40: 	Hullo
line41: 	Hullo
line42: 	Hullo
line43: 	Hullo
line44: 	Hullo
line45: 	Hullo
line46: 	Hullo
line47: 	Hullo
line48: 	Hullo
line49: 	Hullo
line50: 	Hullo
line51: 	Hullo
line52: 	Hullo
line53: 	Hullo
line54: 	Hullo
line55: 	Hullo
line56: 	Hullo
line57: 	Hullo
line58: 	Hullo
line59: 	Hullo
line60: 	Hullo
line61: 	Hullo
line62: 	Hullo
line63: 	Hullo
line64: 	Hullo
line65: 	Hullo
line66: 	Hullo
line67: 	Hullo
line68: 	Hullo
line69: 	Hullo
line70: 	Hullo
line71: 	Hullo
line72: 	Hullo
line73: 	Hullo
line74: 	Hullo
line75: 	Hullo
line76: 	Hullo
line77: 	Hullo
line78: 	Hullo
line79: 	Hullo
line80: 	Hullo
line81: 	Hullo
line82: 	Hullo
line83: 	Hullo
line84: 	Hullo
line85: 	Hullo
line86: 	Hullo
line87: 	Hullo
line88: 	Hullo
line89: 	Hullo
line90: 	Hullo
line91: 	Hullo
line92: 	Hullo
line93: 	Hullo
line94: 	Hullo
line95: 	Hullo
line96: 	Hullo
line97: 	Hullo
line98: 	Hullo
line99: 	Hullo
line100: 	Hullo
line101: 	Hullo
line102: 	Hullo
line103: 	Hullo
line104: 	Hullo
line105: 	Hullo
line106: 	Hullo
line107: 	Hullo
line108: 	Hullo
line109: 	Hullo
line110: 	Hullo
line111: 	Hullo
line112: 	Hullo
line113: 	Hullo
line114: 	Hullo
line115: 	Hullo
line116: 	Hullo
line117: 	Hullo
line118: 	Hullo
line119: 	Hullo
line120: 	Hullo
line121: 	Hullo
line122: 	Hullo
line123: 	Hullo
line124: 	Hullo
line125: 	Hullo
line126: 	Hullo
line127: 	Hullo
line128: 	Hullo
line129: 	Hullo
line130: 	Hullo
line131: 	Hullo
line132: 	Hullo
line133: 	Hullo
line134: 	Hullo
line135: 	Hullo
line136: 	Hullo
line137: 	Hullo
line138: 	Hullo
line139: 	Hullo
line140: 	Hullo
line141: 	Hullo
line142: 	Hullo
line143: 	Hullo
line144: 	Hullo
line145: 	Hullo
line146: 	Hullo
line147: 	Hullo
line148: 	Hullo
line149: 	Hullo
line150: 	Hullo
line151: 	Hullo
line152: 	Hullo
line153: 	Hullo
line154: 	Hullo
line155: 	Hullo
line156: 	Hullo
line157: 	Hullo
line158: 	Hullo
line159: 	Hullo
line160: 	Hullo
line161: 	Hullo
line162: 	Hullo
line163: 	Hullo
line164: 	Hullo
line165: 	Hullo
line166: 	Hullo
line167: 	Hullo
line168: 	Hullo
line169: 	Hullo
line170: 	Hullo
line171: 	Hullo
line172: 	Hullo
line173: 	Hullo
line174: 	Hullo
line175: 	Hullo
line176: 	Hullo
line177: 	Hullo
line178: 	Hullo
line179: 	Hullo
line180: 	Hullo
line181: 	Hullo
line182: 	Hullo
line183: 	Hullo
line184: 	Hullo
line185: 	Hullo
line186: 	Hullo
line187: 	Hullo
line188: 	Hullo
line189: 	Hullo
line190: 	Hullo
line191: 	Hullo
line192: 	Hullo
line193: 	Hullo
line194: 	Hullo
line195: 	Hullo
line196: 	Hullo
line197: 	Hullo
line198: 	Hullo
line199: 	Hullo
line200: 	Hullo
line201: 	Hullo
line202: 	Hullo
line203: 	Hullo
line204: 	Hullo
line205: 	Hullo
line206: 	Hullo
line207: 	Hullo
line208: 	Hullo
line209: 	Hullo
line210: 	Hullo
line211: 	Hullo
line212: 	Hullo
line213: 	Hullo
line214: 	Hullo
line215: 	Hullo
line216: 	Hullo
line217: 	Hullo
line218: 	Hullo
line219: 	Hullo
line220: 	Hullo
line221: 	Hullo
line222: 	Hullo
line223: 	Hullo
line224: 	Hullo
line225: 	Hullo
line226: 	Hullo
line227: 	Hullo
line228: 	Hullo
line229: 	Hullo
line230: 	Hullo
line231: 	Hullo
line232: 	Hullo
line233: 	Hullo
line234: 	Hullo
line235: 	Hullo
line236: 	Hullo
line237: 	Hullo
line238: 	Hullo
line239: 	Hullo
line240: 	Hullo
line241: 	Hullo
line242: 	Hullo
line243: 	Hullo
line244: 	Hullo
line245: 	Hullo
line246: 	Hullo
line247: 	Hullo
line248: 	Hullo
line249: 	Hullo
line250: 	Hullo
line251: 	Hullo
line252: 	Hullo
line253: 	Hullo
line254: 	Hullo
line255: 	Hullo
line256: 	Hullo
line257: 	Hullo
line258: 	Hullo
line259: 	Hullo
line260: 	Hullo
line261: 	Hullo
line262: 	Hullo
line263: 	Hullo
line264: 	Hullo
line265: 	Hullo
line266: 	Hullo
line267: 	Hullo
line268: 	Hullo
line269: 	Hullo
line270: 	Hullo
line271: 	Hullo
line272: 	Hullo
line273: 	Hullo
line274: 	Hullo
line275: 	Hullo
line276: 	Hullo
line277: 	Hullo
line278: 	Hullo
line279: 	Hullo
line280: 	Hullo
line281: 	Hullo
line282: 	Hullo
line283: 	Hullo
line284: 	Hullo
line285: 	Hullo
line286: 	Hullo
line287: 	Hullo
line288: 	Hullo
line289: 	Hullo
line290: 	Hullo
line291: 	Hullo
line292: 	Hullo
line293: 	Hullo
line294: 	Hullo
line295: 	Hullo
line296: 	Hullo
line297: 	Hullo
line298: 	Hullo
line299: 	Hullo
line300: 	Hullo
line301: 	Hullo
line302: 	Hullo
line303: 	Hullo
line304: 	Hullo
line305: 	Hullo
line306: 	Hullo
line307: 	Hullo
line308: 	Hullo
line309: 	Hullo
line310: 	Hullo
line311: 	Hullo
line312: 	Hullo
line313: 	Hullo
line314: 	Hullo
line315: 	Hullo
line316: 	Hullo
line317: 	Hullo
line318: 	Hullo
line319: 	Hullo
line320: 	Hullo
line321: 	Hullo
line322: 	Hullo
line323: 	Hullo
line324: 	Hullo
line325: 	Hullo
line326: 	Hullo
line327: 	Hullo
line328: 	Hullo
line329: 	Hullo
line330: 	Hullo
line331: 	Hullo
line332: 	Hullo
line333: 	Hullo
line334: 	Hullo
line335: 	Hullo
line336: 	Hullo
line337: 	Hullo
line338: 	Hullo
line339: 	Hullo
line340: 	Hullo
line341: 	Hullo
line342: 	Hullo
line343: 	Hullo
line344: 	Hullo
line345: 	Hullo
line346: 	Hullo
line347: 	Hullo
line348: 	Hullo
line349: 	Hullo
line350: 	Hullo
line351: 	Hullo
line352: 	Hullo
line353: 	Hullo
line354: 	Hullo
line355: 	Hullo
line356: 	Hullo
line357: 	Hullo
line358: 	Hullo
line359: 	Hullo
line360: 	Hullo
line361: 	Hullo
line362: 	Hullo
line363: 	Hullo
line364: 	Hullo
line365: 	Hullo
line366: 	Hullo
line367: 	Hullo
line368: 	Hullo
line369: 	Hullo
line370: 	Hullo
line371: 	Hullo
line372: 	Hullo
line373: 	Hullo
line374: 	Hullo
line375: 	Hullo
line376: 	Hullo
line377: 	Hullo
line378: 	Hullo
line379: 	Hullo
line380: 	Hullo
line381: 	Hullo
line382: 	Hullo
line383: 	Hullo
line384: 	Hullo
line385: 	Hullo
line386: 	Hullo
line387: 	Hullo
line388: 	Hullo
line389: 	Hullo
line390: 	Hullo
line391: 	Hullo
line392: 	Hullo
line393: 	Hullo
line394: 	Hullo
line395: 	Hullo
line396: 	Hullo
line397: 	Hullo
line398: 	Hullo
line399: 	Hullo
line400: 	Hullo
line401: 	Hullo
line402: 	Hullo
line403: 	Hullo
line404: 	Hullo
line405: 	Hullo
line406: 	Hullo
line407: 	Hullo
line408: 	Hullo
line409: 	Hullo
line410: 	Hullo
line411: 	Hullo
line412: 	Hullo
line413: 	Hullo
line414: 	Hullo
line415: 	Hullo
line416: 	Hullo
line417: 	Hullo
line418: 	Hullo
line419: 	Hullo
line420: 	Hullo
line421: 	Hullo
line422: 	Hullo
line423: 	Hullo
line424: 	Hullo
line425: 	Hullo
line426: 	Hullo
line427: 	Hullo
line428: 	Hullo
line429: 	Hullo
line430: 	Hullo
line431: 	Hullo
line432: 	Hullo
line433: 	Hullo
line434: 	Hullo
line435: 	Hullo
line436: 	Hullo
line437: 	Hullo
line438: 	Hullo
line439: 	Hullo
line440: 	Hullo
line441: 	Hullo
line442: 	Hullo
line443: 	Hullo
line444: 	Hullo
line445: 	Hullo
line446: 	Hullo
line447: 	Hullo
line448: 	Hullo
line449: 	Hullo
line450: 	Hullo
line451: 	Hullo
line452: 	Hullo
line453: 	Hullo
line454: 	Hullo
line455: 	Hullo
line456: 	Hullo
line457: 	Hullo
line458: 	Hullo
line459: 	Hullo
line460: 	Hullo
line461: 	Hullo
line462: 	Hullo
line463: 	Hullo
line464: 	Hullo
line465: 	Hullo
line466: 	Hullo
line467: 	Hullo
line468: 	Hullo
line469: 	Hullo
line470: 	Hullo
line471: 	Hullo
line472: 	Hullo
line473: 	Hullo
line474: 	Hullo
line475: 	Hullo
line476: 	Hullo
line477: 	Hullo
line478: 	Hullo
line479: 	Hullo
line480: 	Hullo
line481: 	Hullo
line482: 	Hullo
line483: 	Hullo
line484: 	Hullo
line485: 	Hullo
line486: 	Hullo
line487: 	Hullo
line488: 	Hullo
line489: 	Hullo
line490: 	Hullo
line491: 	Hullo
line492: 	Hullo
line493: 	Hullo
line494: 	Hullo
line495: 	Hullo
line496: 	Hullo
line497: 	Hullo
line498: 	Hullo
line499: 	Hullo
line500: 	Hullo


运行.class文件完成序号: 218		类名: TestArrayCopy6769124


运行.class文件完成序号: 219		类名: CountedLoopProblem


运行.class文件完成序号: 220		类名: AddExactICondTest


运行.class文件完成序号: 221		类名: Test6378821


