运行.class文件完成序号: 1		类名: TestLongDoubleVect
正常输出: 
line1: 	Testing Long + Double vectors
line2: 	Warmup
line3: 	Verification
line4: 	Time
line5: 	test_ci: 22
line6: 	test_vi: 25
line7: 	test_cp: 30
line8: 	test_ci_neg: 26
line9: 	test_vi_neg: 27
line10: 	test_cp_neg: 29
line11: 	test_ci_oppos: 23
line12: 	test_vi_oppos: 25
line13: 	test_cp_oppos: 36
line14: 	test_ci_aln: 22
line15: 	test_vi_aln: 27
line16: 	test_cp_alndst: 36
line17: 	test_cp_alnsrc: 32
line18: 	test_ci_unaln: 23
line19: 	test_vi_unaln: 27
line20: 	test_cp_unalndst: 36
line21: 	test_cp_unalnsrc: 32
line22: 	PASSED


运行.class文件完成序号: 2		类名: Test6559156
正常输出: 
line1: 	No failure


运行.class文件完成序号: 3		类名: Test6992759
正常输出: 
line1: 	No failure


运行.class文件完成序号: 4		类名: TestIntAtomicOrdered
正常输出: 
line1: 	Testing Integer array atomic ordered operations
line2: 	Warmup
line3: 	Verification
line4: 	Time
line5: 	test_ci: 5
line6: 	test_vi: 5
line7: 	test_cp: 6
line8: 	test_2ci: 8
line9: 	test_2vi: 8
line10: 	test_ci_neg: 5
line11: 	test_vi_neg: 5
line12: 	test_cp_neg: 7
line13: 	test_2ci_neg: 7
line14: 	test_2vi_neg: 8
line15: 	test_ci_oppos: 4
line16: 	test_vi_oppos: 6
line17: 	test_cp_oppos: 6
line18: 	test_2ci_oppos: 7
line19: 	test_2vi_oppos: 8
line20: 	test_ci_off: 5
line21: 	test_vi_off: 4
line22: 	test_cp_off: 7
line23: 	test_2ci_off: 7
line24: 	test_2vi_off: 8
line25: 	test_ci_inv: 5
line26: 	test_vi_inv: 5
line27: 	test_cp_inv: 8
line28: 	test_2ci_inv: 7
line29: 	test_2vi_inv: 8
line30: 	test_ci_scl: 3
line31: 	test_vi_scl: 3
line32: 	test_cp_scl: 4
line33: 	test_2ci_scl: 4
line34: 	test_2vi_scl: 4
line35: 	test_cp_alndst: 7
line36: 	test_cp_alnsrc: 7
line37: 	test_2ci_aln: 7
line38: 	test_2vi_aln: 7
line39: 	test_cp_unalndst: 7
line40: 	test_cp_unalnsrc: 7
line41: 	test_2ci_unaln: 7
line42: 	test_2vi_unaln: 8
line43: 	PASSED


运行.class文件完成序号: 5		类名: TestShortVect
正常输出: 
line1: 	Testing Short vectors
line2: 	Warmup
line3: 	Verification
line4: 	Time
line5: 	test_ci: 34
line6: 	test_vi: 17
line7: 	test_cp: 21
line8: 	test_2ci: 41
line9: 	test_2vi: 23
line10: 	test_ci_neg: 24
line11: 	test_vi_neg: 18
line12: 	test_cp_neg: 21
line13: 	test_2ci_neg: 41
line14: 	test_2vi_neg: 21
line15: 	test_ci_oppos: 28
line16: 	test_vi_oppos: 19
line17: 	test_cp_oppos: 21
line18: 	test_2ci_oppos: 41
line19: 	test_2vi_oppos: 22
line20: 	test_ci_off: 21
line21: 	test_vi_off: 19
line22: 	test_cp_off: 22
line23: 	test_2ci_off: 21
line24: 	test_2vi_off: 21
line25: 	test_ci_inv: 21
line26: 	test_vi_inv: 20
line27: 	test_cp_inv: 24
line28: 	test_2ci_inv: 45
line29: 	test_2vi_inv: 27
line30: 	test_ci_scl: 14
line31: 	test_vi_scl: 10
line32: 	test_cp_scl: 12
line33: 	test_2ci_scl: 11
line34: 	test_2vi_scl: 13
line35: 	test_cp_alndst: 21
line36: 	test_cp_alnsrc: 21
line37: 	test_2ci_aln: 20
line38: 	test_2vi_aln: 22
line39: 	test_cp_unalndst: 21
line40: 	test_cp_unalnsrc: 21
line41: 	test_2ci_unaln: 20
line42: 	test_2vi_unaln: 22
line43: 	PASSED


运行.class文件完成序号: 6		类名: TestSquareToLen
正常输出: 
line1: 	Success


运行.class文件完成序号: 7		类名: TestIntVect
正常输出: 
line1: 	Testing Integer vectors
line2: 	Warmup
line3: 	Verification
line4: 	Time
line5: 	test_ci: 19
line6: 	test_vi: 18
line7: 	test_cp: 20
line8: 	test_2ci: 21
line9: 	test_2vi: 24
line10: 	test_ci_neg: 17
line11: 	test_vi_neg: 18
line12: 	test_cp_neg: 21
line13: 	test_2ci_neg: 21
line14: 	test_2vi_neg: 21
line15: 	test_ci_oppos: 19
line16: 	test_vi_oppos: 20
line17: 	test_cp_oppos: 24
line18: 	test_2ci_oppos: 21
line19: 	test_2vi_oppos: 22
line20: 	test_ci_off: 19
line21: 	test_vi_off: 18
line22: 	test_cp_off: 21
line23: 	test_2ci_off: 20
line24: 	test_2vi_off: 22
line25: 	test_ci_inv: 20
line26: 	test_vi_inv: 20
line27: 	test_cp_inv: 26
line28: 	test_2ci_inv: 24
line29: 	test_2vi_inv: 28
line30: 	test_ci_scl: 10
line31: 	test_vi_scl: 11
line32: 	test_cp_scl: 17
line33: 	test_2ci_scl: 12
line34: 	test_2vi_scl: 12
line35: 	test_cp_alndst: 20
line36: 	test_cp_alnsrc: 23
line37: 	test_2ci_aln: 20
line38: 	test_2vi_aln: 23
line39: 	test_cp_unalndst: 20
line40: 	test_cp_unalnsrc: 21
line41: 	test_2ci_unaln: 20
line42: 	test_2vi_unaln: 21
line43: 	PASSED


运行.class文件完成序号: 8		类名: DefaultValue
正常输出: 
line1: 	Test FAILS
错误输出: 
line1: 	R1 failed
line2: 	R2 failed
line3: 	R3 failed
line4: 	Exception in thread "main" java.lang.Error: Test failed
line5: 		at DefaultValue.main(DefaultValue.java:135)


运行.class文件完成序号: 9		类名: Test6753639
正常输出: 
line1: 	Passed


运行.class文件完成序号: 10		类名: Test8005033
正常输出: 
line1: 	EXECUTING test.
line2: 	SUCCESSFULLY passed test.


运行.class文件完成序号: 11		类名: TestProfileReturnTypePrinting


运行.class文件完成序号: 12		类名: TestUnsafePutAddressNullObjMustNotEscape
正常输出: 
line1: 	EXECUTING test.
line2: 	Acquiring sun.misc.Unsafe.theUnsafe using reflection.
line3: 	Allocating raw memory.
line4: 	Triggering JIT compilation of the test method
line5: 	SUCCESSFULLY passed test.


运行.class文件完成序号: 13		类名: Test7048332


运行.class文件完成序号: 14		类名: TestLongFloatVect
正常输出: 
line1: 	Testing Long + Float vectors
line2: 	Warmup
line3: 	Verification
line4: 	Time
line5: 	test_ci: 20
line6: 	test_vi: 22
line7: 	test_cp: 31
line8: 	test_ci_neg: 21
line9: 	test_vi_neg: 24
line10: 	test_cp_neg: 31
line11: 	test_ci_oppos: 21
line12: 	test_vi_oppos: 23
line13: 	test_cp_oppos: 30
line14: 	test_ci_aln: 20
line15: 	test_vi_aln: 23
line16: 	test_cp_alndst: 31
line17: 	test_cp_alnsrc: 31
line18: 	test_ci_unaln: 20
line19: 	test_vi_unaln: 24
line20: 	test_cp_unalndst: 31
line21: 	test_cp_unalnsrc: 31
line22: 	PASSED


运行.class文件完成序号: 15		类名: Test6968348


运行.class文件完成序号: 16		类名: InterruptedTest
正常输出: 
line1: 	Main thread: starts a worker thread...
line2: 	Main thread: waits at most 5s for the worker thread to die...
line3: 	Worker thread: running...
line4: 	Main thread: interrupts the worker thread...
line5: 	Main thread: worker thread is interrupted
line6: 	Main thread: waits for the worker thread to die...
line7: 	Worker thread: bye
line8: 	Main thread: bye


运行.class文件完成序号: 17		类名: IsInstanceTest
正常输出: 
line1: 	Done!


运行.class文件完成序号: 18		类名: TestLongBoxing
正常输出: 
line1: 	Passed.


运行.class文件完成序号: 19		类名: Test7009359


运行.class文件完成序号: 20		类名: TestIntDoubleVect
正常输出: 
line1: 	Testing Integer + Double vectors
line2: 	Warmup
line3: 	Verification
line4: 	Time
line5: 	test_ci: 21
line6: 	test_vi: 23
line7: 	test_cp: 29
line8: 	test_ci_neg: 21
line9: 	test_vi_neg: 21
line10: 	test_cp_neg: 32
line11: 	test_ci_oppos: 21
line12: 	test_vi_oppos: 23
line13: 	test_cp_oppos: 30
line14: 	test_ci_aln: 20
line15: 	test_vi_aln: 22
line16: 	test_cp_alndst: 31
line17: 	test_cp_alnsrc: 31
line18: 	test_ci_unaln: 21
line19: 	test_vi_unaln: 25
line20: 	test_cp_unalndst: 31
line21: 	test_cp_unalnsrc: 32
line22: 	PASSED


运行.class文件完成序号: 21		类名: Test6579789


运行.class文件完成序号: 22		类名: TestMeetExactConstantArrays


运行.class文件完成序号: 23		类名: TestHashCode
正常输出: 
line1: 	Test passed


运行.class文件完成序号: 24		类名: Test6756768_2


运行.class文件完成序号: 25		类名: Test7179138_2
正常输出: 
line1: 	Java Version: openj9-0.30.0


运行.class文件完成序号: 26		类名: MulExactICondTest


运行.class文件完成序号: 27		类名: TestProfileConflictClassUnloading
错误输出: 
line1: 	Exception in thread "main" java.lang.ClassNotFoundException: B
line2: 		at java.net.URLClassLoader.findClass(URLClassLoader.java:591)
line3: 		at java.lang.ClassLoader.loadClassHelper(ClassLoader.java:954)
line4: 		at java.lang.ClassLoader.loadClass(ClassLoader.java:899)
line5: 		at java.lang.ClassLoader.loadClass(ClassLoader.java:882)
line6: 		at TestProfileConflictClassUnloading.main(TestProfileConflictClassUnloading.java:35)


运行.class文件完成序号: 28		类名: TestDeoptInt6769124


运行.class文件完成序号: 29		类名: TestByteLongVect
正常输出: 
line1: 	Testing Byte + Long vectors
line2: 	Warmup
line3: 	Verification
line4: 	Time
line5: 	test_ci: 20
line6: 	test_vi: 23
line7: 	test_cp: 32
line8: 	test_ci_neg: 21
line9: 	test_vi_neg: 22
line10: 	test_cp_neg: 29
line11: 	test_ci_oppos: 20
line12: 	test_vi_oppos: 27
line13: 	test_cp_oppos: 32
line14: 	test_ci_aln: 20
line15: 	test_vi_aln: 28
line16: 	test_cp_alndst: 28
line17: 	test_cp_alnsrc: 29
line18: 	test_ci_unaln: 20
line19: 	test_vi_unaln: 28
line20: 	test_cp_unalndst: 28
line21: 	test_cp_unalnsrc: 29
line22: 	PASSED


运行.class文件完成序号: 30		类名: Test8000805
正常输出: 
line1: 	TEST PASSED.


运行.class文件完成序号: 31		类名: Test6805724


运行.class文件完成序号: 32		类名: TestMultiplyLongHiZero


运行.class文件完成序号: 33		类名: Test8015436
正常输出: 
line1: 	someMethod() invoked
line2: 	defaultMethod() invoked directly
line3: 	defaultMethod() invoked via a MethodHandle


运行.class文件完成序号: 34		类名: Test8011901
正常输出: 
line1: 	Test Passed


运行.class文件完成序号: 35		类名: Test7103261


运行.class文件完成序号: 36		类名: SplitThruPhiTest


运行.class文件完成序号: 37		类名: TestByteIntVect
正常输出: 
line1: 	Testing Byte + Integer vectors
line2: 	Warmup
line3: 	Verification
line4: 	Time
line5: 	test_ci: 20
line6: 	test_vi: 22
line7: 	test_cp: 29
line8: 	test_ci_neg: 21
line9: 	test_vi_neg: 20
line10: 	test_cp_neg: 28
line11: 	test_ci_oppos: 19
line12: 	test_vi_oppos: 22
line13: 	test_cp_oppos: 29
line14: 	test_ci_aln: 20
line15: 	test_vi_aln: 22
line16: 	test_cp_alndst: 28
line17: 	test_cp_alnsrc: 28
line18: 	test_ci_unaln: 20
line19: 	test_vi_unaln: 22
line20: 	test_cp_unalndst: 29
line21: 	test_cp_unalnsrc: 28
line22: 	PASSED


运行.class文件完成序号: 38		类名: IntRotateWithImmediate
正常输出: 
line1: 	OK


运行.class文件完成序号: 39		类名: Basic
正常输出: 
line1: 	Test FAILS
错误输出: 
line1: 	Test2 failed
line2: 	Test3 failed
line3: 	Test4 failed
line4: 	Test5 failed
line5: 	Test6 failed
line6: 	Test7 failed
line7: 	Test8 failed
line8: 	Test9 failed
line9: 	Exception in thread "main" java.lang.Error: Test failed
line10: 		at Basic.main(Basic.java:182)


运行.class文件完成序号: 40		类名: Test7005594
错误输出: 
line1: 	JVMDUMP039I Processing dump event "systhrow", detail "java/lang/OutOfMemoryError" at 2023/04/27 12:29:19 - please wait.
line2: 	JVMDUMP032I JVM requested System dump using '/home/Graduation_Project_Code/Differential_Fuzzing_Testing_Code/core.20230427.122919.17034.0001.dmp' in response to an event
line3: 	JVMPORT030W /proc/sys/kernel/core_pattern setting "|/usr/share/apport/apport %p %s %c %d %P %E" specifies that the core dump is to be piped to an external program.  Attempting to rename either core or core.17053.
line4: 	
line5: 	JVMDUMP012E Error in System dump: The core file created by child process with pid = 17053 was not found. Expected to find core file with name "/home/Graduation_Project_Code/Differential_Fuzzing_Testing_Code/core"
line6: 	JVMDUMP032I JVM requested Heap dump using '/home/Graduation_Project_Code/Differential_Fuzzing_Testing_Code/heapdump.20230427.122919.17034.0002.phd' in response to an event
line7: 	JVMDUMP010I Heap dump written to /home/Graduation_Project_Code/Differential_Fuzzing_Testing_Code/heapdump.20230427.122919.17034.0002.phd
line8: 	JVMDUMP032I JVM requested Java dump using '/home/Graduation_Project_Code/Differential_Fuzzing_Testing_Code/javacore.20230427.122919.17034.0003.txt' in response to an event
line9: 	JVMDUMP010I Java dump written to /home/Graduation_Project_Code/Differential_Fuzzing_Testing_Code/javacore.20230427.122919.17034.0003.txt
line10: 	JVMDUMP032I JVM requested Snap dump using '/home/Graduation_Project_Code/Differential_Fuzzing_Testing_Code/Snap.20230427.122919.17034.0004.trc' in response to an event
line11: 	JVMDUMP010I Snap dump written to /home/Graduation_Project_Code/Differential_Fuzzing_Testing_Code/Snap.20230427.122919.17034.0004.trc
line12: 	JVMDUMP013I Processed dump event "systhrow", detail "java/lang/OutOfMemoryError".
line13: 	Exception in thread "main" java.lang.OutOfMemoryError: Java heap space
line14: 		at Test7005594.main(Test7005594.java:12)


运行.class文件完成序号: 41		类名: Test6855215


运行.class文件完成序号: 42		类名: G1CrashTest
错误输出: 
line1: 	Exception in thread "main" java.lang.NullPointerException
line2: 		at G1CrashTest.main(G1CrashTest.java:6)


运行.class文件完成序号: 43		类名: Test6850611
正常输出: 
line1: 	sum: -4294967295
line2: 	sum: -4294967295
line3: 	sum: -4294967295
line4: 	sum: -4294967295
line5: 	sum: -4294967295


运行.class文件完成序号: 44		类名: TestAlignmentToUseLargePages


运行.class文件完成序号: 45		类名: TestStringObjectInitialization


运行.class文件完成序号: 46		类名: Test7190310
正常输出: 
line1: 	wr.get() returned null
line2: 	java.lang.ref.WeakReference@74201778
line3: 	queueReader returned, ref==wr is true
line4: 	The Object is being finalized


运行.class文件完成序号: 47		类名: IntArithTests


运行.class文件完成序号: 48		类名: TestIntAtomicCAS
正常输出: 
line1: 	Testing Integer array atomic CAS operations
line2: 	Warmup
line3: 	Verification
line4: 	Time
line5: 	test_ci: 11
line6: 	test_vi: 11
line7: 	test_cp: 13
line8: 	test_2ci: 22
line9: 	test_2vi: 20
line10: 	test_ci_neg: 11
line11: 	test_vi_neg: 11
line12: 	test_cp_neg: 13
line13: 	test_2ci_neg: 22
line14: 	test_2vi_neg: 21
line15: 	test_ci_oppos: 11
line16: 	test_vi_oppos: 12
line17: 	test_cp_oppos: 13
line18: 	test_2ci_oppos: 22
line19: 	test_2vi_oppos: 21
line20: 	test_ci_off: 10
line21: 	test_vi_off: 10
line22: 	test_cp_off: 13
line23: 	test_2ci_off: 22
line24: 	test_2vi_off: 20
line25: 	test_ci_inv: 12
line26: 	test_vi_inv: 10
line27: 	test_cp_inv: 13
line28: 	test_2ci_inv: 19
line29: 	test_2vi_inv: 19
line30: 	test_ci_scl: 5
line31: 	test_vi_scl: 6
line32: 	test_cp_scl: 7
line33: 	test_2ci_scl: 11
line34: 	test_2vi_scl: 10
line35: 	test_cp_alndst: 13
line36: 	test_cp_alnsrc: 10
line37: 	test_2ci_aln: 18
line38: 	test_2vi_aln: 14
line39: 	test_cp_unalndst: 13
line40: 	test_cp_unalnsrc: 11
line41: 	test_2ci_unaln: 18
line42: 	test_2vi_unaln: 15
line43: 	PASSED


运行.class文件完成序号: 49		类名: Test6956668


运行.class文件完成序号: 50		类名: Test7020614
正常输出: 
line1: 	1: 100
line2: 	2: 112
line3: 	3: 81
line4: 	4: 81
line5: 	doNotOptimizeOut value: -100663296


运行.class文件完成序号: 51		类名: Test7002666


运行.class文件完成序号: 52		类名: ExecuteInternalVMTests


运行.class文件完成序号: 53		类名: GetUnsafeObjectG1PreBarrier


运行.class文件完成序号: 54		类名: TestCharShortByteSwap


运行.class文件完成序号: 55		类名: Test6885584


运行.class文件完成序号: 56		类名: LongCmpTests


运行.class文件完成序号: 57		类名: TestLockEliminatedAtDeopt


运行.class文件完成序号: 58		类名: Test7046096


运行.class文件完成序号: 59		类名: MontgomeryMultiplyTest


运行.class文件完成序号: 60		类名: TestEscapeThroughInvoke
错误输出: 
line1: 	Exception in thread "main" java.lang.NoSuchMethodError: A.<init>(Ljava/lang/Integer;)V (loaded from file:/home/Graduation_Project_Code/Differential_Fuzzing_Testing_Code/Testcode_outClass/jdk8u_OpenJ9/ by sun.misc.Launcher$AppClassLoader@8329e434) called from class TestEscapeThroughInvoke (loaded from file:/home/Graduation_Project_Code/Differential_Fuzzing_Testing_Code/Testcode_outClass/jdk8u_OpenJ9/ by sun.misc.Launcher$AppClassLoader@8329e434).
line2: 		at TestEscapeThroughInvoke.main(TestEscapeThroughInvoke.java:7)


运行.class文件完成序号: 61		类名: Test6982370


运行.class文件完成序号: 62		类名: TestG1HeapRegionSize
错误输出: 
line1: 	Exception in thread "main" java.lang.UnsatisfiedLinkError: sun/management/VMManagementImpl.getVersion0()Ljava/lang/String;
line2: 		at sun.management.VMManagementImpl.<clinit>(VMManagementImpl.java:64)
line3: 		at sun.management.ManagementFactoryHelper.<clinit>(ManagementFactoryHelper.java:455)
line4: 		at TestG1HeapRegionSize.main(TestG1HeapRegionSize.java:8)


运行.class文件完成序号: 63		类名: Test6852078


运行.class文件完成序号: 64		类名: BMI1


运行.class文件完成序号: 65		类名: CatchInlineExceptions
正常输出: 
line1: 	TEST PASSED


运行.class文件完成序号: 66		类名: OopMaps


运行.class文件完成序号: 67		类名: TestShortDoubleVect
正常输出: 
line1: 	Testing Short + Double vectors
line2: 	Warmup
line3: 	Verification
line4: 	Time
line5: 	test_ci: 31
line6: 	test_vi: 22
line7: 	test_cp: 32
line8: 	test_ci_neg: 31
line9: 	test_vi_neg: 22
line10: 	test_cp_neg: 32
line11: 	test_ci_oppos: 29
line12: 	test_vi_oppos: 24
line13: 	test_cp_oppos: 30
line14: 	test_ci_aln: 21
line15: 	test_vi_aln: 25
line16: 	test_cp_alndst: 32
line17: 	test_cp_alnsrc: 31
line18: 	test_ci_unaln: 21
line19: 	test_vi_unaln: 23
line20: 	test_cp_unalndst: 32
line21: 	test_cp_unalnsrc: 32
line22: 	PASSED


运行.class文件完成序号: 68		类名: TestSHA
正常输出: 
line1: 	provider = SUN
line2: 	algorithm = SHA-1
line3: 	msgSize = 1024 bytes
line4: 	offset = 0
line5: 	iters = 100000
line6: 	hash [20]: 5b 00 66 9c 48 0d 5c ff bd fa 8b db a9 95 61 16 0f 2d 1b 77 
line7: 	TestSHA runtime = 0.174880493 seconds
line8: 	TestSHA throughput = 585.5427225951382 MB/s
line9: 	


运行.class文件完成序号: 69		类名: ThreadCpuTimesDeadlock
错误输出: 
line1: 	Exception in thread "main" javax.management.RuntimeErrorException: Error thrown in preRegister method
line2: 		at com.sun.jmx.interceptor.DefaultMBeanServerInterceptor.throwMBeanRegistrationException(DefaultMBeanServerInterceptor.java:988)
line3: 		at com.sun.jmx.interceptor.DefaultMBeanServerInterceptor.preRegister(DefaultMBeanServerInterceptor.java:1009)
line4: 		at com.sun.jmx.interceptor.DefaultMBeanServerInterceptor.registerDynamicMBean(DefaultMBeanServerInterceptor.java:919)
line5: 		at com.sun.jmx.interceptor.DefaultMBeanServerInterceptor.registerObject(DefaultMBeanServerInterceptor.java:900)
line6: 		at com.sun.jmx.interceptor.DefaultMBeanServerInterceptor.registerMBean(DefaultMBeanServerInterceptor.java:324)
line7: 		at com.sun.jmx.mbeanserver.JmxMBeanServer.registerMBean(JmxMBeanServer.java:522)
line8: 		at ThreadCpuTimesDeadlock.main(ThreadCpuTimesDeadlock.java:21)
line9: 	Caused by: java.lang.UnsatisfiedLinkError: sun/management/VMManagementImpl.getVersion0()Ljava/lang/String;
line10: 		at sun.management.VMManagementImpl.<clinit>(VMManagementImpl.java:64)
line11: 		at sun.management.ManagementFactoryHelper.<clinit>(ManagementFactoryHelper.java:455)
line12: 		at sun.management.HotspotInternal.preRegister(HotspotInternal.java:58)
line13: 		at com.sun.jmx.mbeanserver.MBeanSupport.preRegister(MBeanSupport.java:167)
line14: 		at com.sun.jmx.interceptor.DefaultMBeanServerInterceptor.preRegister(DefaultMBeanServerInterceptor.java:1007)
line15: 		... 5 more


运行.class文件完成序号: 70		类名: SubExactICondTest


运行.class文件完成序号: 71		类名: TestIntUnsafeVolatile
正常输出: 
line1: 	Testing Integer array unsafe volatile operations
line2: 	Warmup
line3: 	Verification
line4: 	Time
line5: 	test_ci: 9
line6: 	test_vi: 10
line7: 	test_cp: 11
line8: 	test_2ci: 17
line9: 	test_2vi: 17
line10: 	test_ci_neg: 11
line11: 	test_vi_neg: 10
line12: 	test_cp_neg: 11
line13: 	test_2ci_neg: 17
line14: 	test_2vi_neg: 17
line15: 	test_ci_oppos: 11
line16: 	test_vi_oppos: 11
line17: 	test_cp_oppos: 11
line18: 	test_2ci_oppos: 17
line19: 	test_2vi_oppos: 18
line20: 	test_ci_off: 10
line21: 	test_vi_off: 11
line22: 	test_cp_off: 11
line23: 	test_2ci_off: 17
line24: 	test_2vi_off: 17
line25: 	test_ci_inv: 11
line26: 	test_vi_inv: 11
line27: 	test_cp_inv: 10
line28: 	test_2ci_inv: 18
line29: 	test_2vi_inv: 17
line30: 	test_ci_scl: 6
line31: 	test_vi_scl: 6
line32: 	test_cp_scl: 5
line33: 	test_2ci_scl: 9
line34: 	test_2vi_scl: 10
line35: 	test_cp_alndst: 10
line36: 	test_cp_alnsrc: 9
line37: 	test_2ci_aln: 16
line38: 	test_2vi_aln: 17
line39: 	test_cp_unalndst: 10
line40: 	test_cp_unalnsrc: 10
line41: 	test_2ci_unaln: 17
line42: 	test_2vi_unaln: 16
line43: 	PASSED


运行.class文件完成序号: 72		类名: CreatesInterfaceDotEqualsCallInfo
错误输出: 
line1: 	Exception in thread "main" java.io.IOException: ./createsInterfaceDotEqualsCallInfo.js is not a file
line2: 		at jdk.nashorn.internal.runtime.Source.readFully(Source.java:769)
line3: 		at jdk.nashorn.internal.runtime.Source$FileData.load(Source.java:377)
line4: 		at jdk.nashorn.internal.runtime.Source.sourceFor(Source.java:114)
line5: 		at jdk.nashorn.internal.runtime.Source.sourceFor(Source.java:499)
line6: 		at jdk.nashorn.internal.runtime.Source.sourceFor(Source.java:483)
line7: 		at jdk.nashorn.tools.Shell.runScripts(Shell.java:394)
line8: 		at jdk.nashorn.tools.Shell.run(Shell.java:179)
line9: 		at jdk.nashorn.tools.Shell.main(Shell.java:143)
line10: 		at CreatesInterfaceDotEqualsCallInfo.main(CreatesInterfaceDotEqualsCallInfo.java:5)


运行.class文件完成序号: 73		类名: TestByteFloatVect
正常输出: 
line1: 	Testing Byte + Float vectors
line2: 	Warmup
line3: 	Verification
line4: 	Time
line5: 	test_ci: 21
line6: 	test_vi: 24
line7: 	test_cp: 30
line8: 	test_ci_neg: 22
line9: 	test_vi_neg: 21
line10: 	test_cp_neg: 33
line11: 	test_ci_oppos: 20
line12: 	test_vi_oppos: 23
line13: 	test_cp_oppos: 30
line14: 	test_ci_aln: 21
line15: 	test_vi_aln: 25
line16: 	test_cp_alndst: 30
line17: 	test_cp_alnsrc: 28
line18: 	test_ci_unaln: 20
line19: 	test_vi_unaln: 25
line20: 	test_cp_unalndst: 28
line21: 	test_cp_unalnsrc: 28
line22: 	PASSED


运行.class文件完成序号: 74		类名: Test8020215
正常输出: 
line1: 	PASSED


运行.class文件完成序号: 75		类名: ArrayNewInstanceOfVoid


运行.class文件完成序号: 76		类名: Stemmer
错误输出: 
line1: 	Error: Could not find or load main class Stemmer


运行.class文件完成序号: 77		类名: Foo
错误输出: 
line1: 	Error: Main method not found in class Foo, please define the main method as:
line2: 	   public static void main(String[] args)
line3: 	or a JavaFX application class must extend javafx.application.Application


运行.class文件完成序号: 78		类名: TestFloatVect
正常输出: 
line1: 	Testing Float vectors
line2: 	Warmup
line3: 	Verification
line4: 	Time
line5: 	test_ci: 17
line6: 	test_vi: 18
line7: 	test_cp: 21
line8: 	test_2ci: 21
line9: 	test_2vi: 25
line10: 	test_ci_neg: 18
line11: 	test_vi_neg: 17
line12: 	test_cp_neg: 21
line13: 	test_2ci_neg: 21
line14: 	test_2vi_neg: 22
line15: 	test_ci_oppos: 19
line16: 	test_vi_oppos: 20
line17: 	test_cp_oppos: 22
line18: 	test_2ci_oppos: 21
line19: 	test_2vi_oppos: 22
line20: 	test_ci_off: 19
line21: 	test_vi_off: 19
line22: 	test_cp_off: 22
line23: 	test_2ci_off: 20
line24: 	test_2vi_off: 28
line25: 	test_ci_inv: 21
line26: 	test_vi_inv: 20
line27: 	test_cp_inv: 24
line28: 	test_2ci_inv: 25
line29: 	test_2vi_inv: 28
line30: 	test_ci_scl: 10
line31: 	test_vi_scl: 11
line32: 	test_cp_scl: 11
line33: 	test_2ci_scl: 12
line34: 	test_2vi_scl: 12
line35: 	test_cp_alndst: 20
line36: 	test_cp_alnsrc: 21
line37: 	test_2ci_aln: 19
line38: 	test_2vi_aln: 28
line39: 	test_cp_unalndst: 20
line40: 	test_cp_unalnsrc: 21
line41: 	test_2ci_unaln: 20
line42: 	test_2vi_unaln: 27
line43: 	PASSED


运行.class文件完成序号: 79		类名: CompareTest


运行.class文件完成序号: 80		类名: TestIntLongVect
正常输出: 
line1: 	Testing Integer + Long vectors
line2: 	Warmup
line3: 	Verification
line4: 	Time
line5: 	test_ci: 21
line6: 	test_vi: 25
line7: 	test_cp: 30
line8: 	test_ci_neg: 22
line9: 	test_vi_neg: 21
line10: 	test_cp_neg: 31
line11: 	test_ci_oppos: 21
line12: 	test_vi_oppos: 22
line13: 	test_cp_oppos: 30
line14: 	test_ci_aln: 19
line15: 	test_vi_aln: 25
line16: 	test_cp_alndst: 31
line17: 	test_cp_alnsrc: 31
line18: 	test_ci_unaln: 20
line19: 	test_vi_unaln: 24
line20: 	test_cp_unalndst: 31
line21: 	test_cp_unalnsrc: 31
line22: 	PASSED


运行.class文件完成序号: 81		类名: ConstFPVectorization
错误输出: 
line1: 	Exception in thread "main" java.lang.ArrayIndexOutOfBoundsException: Array index out of range: 0
line2: 		at ConstFPVectorization.main(ConstFPVectorization.java:21)


运行.class文件完成序号: 82		类名: "
错误输出: 
line1: 	Error: Could not find or load main class "


运行.class文件完成序号: 83		类名: UnsafeAccess
错误输出: 
line1: 	Exception in thread "main" java.lang.ExceptionInInitializerError
line2: 		at java.lang.J9VMInternals.ensureError(J9VMInternals.java:145)
line3: 		at java.lang.J9VMInternals.recordInitializationFailure(J9VMInternals.java:134)
line4: 	Caused by: java.lang.SecurityException: Unsafe
line5: 		at sun.misc.Unsafe.getUnsafe(Unsafe.java:96)
line6: 		at UnsafeAccess.<clinit>(UnsafeAccess.java:5)


运行.class文件完成序号: 84		类名: NullCheckTest
正常输出: 
line1: 	CORRECT: NullPointerException


运行.class文件完成序号: 85		类名: TestShortFloatVect
正常输出: 
line1: 	Testing Short + Float vectors
line2: 	Warmup
line3: 	Verification
line4: 	Time
line5: 	test_ci: 28
line6: 	test_vi: 23
line7: 	test_cp: 33
line8: 	test_ci_neg: 32
line9: 	test_vi_neg: 23
line10: 	test_cp_neg: 33
line11: 	test_ci_oppos: 30
line12: 	test_vi_oppos: 25
line13: 	test_cp_oppos: 31
line14: 	test_ci_aln: 22
line15: 	test_vi_aln: 23
line16: 	test_cp_alndst: 33
line17: 	test_cp_alnsrc: 33
line18: 	test_ci_unaln: 22
line19: 	test_vi_unaln: 24
line20: 	test_cp_unalndst: 33
line21: 	test_cp_unalnsrc: 33
line22: 	PASSED


运行.class文件完成序号: 86		类名: TestJNI
错误输出: 
line1: 	Exception in thread "main" java.lang.UnsatisfiedLinkError: TestJNI (Not found in java.library.path)
line2: 		at java.lang.ClassLoader.loadLibraryWithPath(ClassLoader.java:1469)
line3: 		at java.lang.ClassLoader.loadLibraryWithClassLoader(ClassLoader.java:1420)
line4: 		at java.lang.System.loadLibrary(System.java:616)
line5: 		at TestJNI.<clinit>(TestJNI.java:4)


运行.class文件完成序号: 87		类名: TestRemoveEmptyLoop
正常输出: 
line1: 	Test passed.


运行.class文件完成序号: 88		类名: Test6797305


运行.class文件完成序号: 89		类名: GVNTest


运行.class文件完成序号: 90		类名: LongArithTests


运行.class文件完成序号: 91		类名: TestIntAtomicVolatile
正常输出: 
line1: 	Testing Integer array atomic volatile operations
line2: 	Warmup
line3: 	Verification
line4: 	Time
line5: 	test_ci: 10
line6: 	test_vi: 13
line7: 	test_cp: 13
line8: 	test_2ci: 20
line9: 	test_2vi: 21
line10: 	test_ci_neg: 12
line11: 	test_vi_neg: 12
line12: 	test_cp_neg: 13
line13: 	test_2ci_neg: 19
line14: 	test_2vi_neg: 22
line15: 	test_ci_oppos: 12
line16: 	test_vi_oppos: 13
line17: 	test_cp_oppos: 13
line18: 	test_2ci_oppos: 19
line19: 	test_2vi_oppos: 21
line20: 	test_ci_off: 11
line21: 	test_vi_off: 11
line22: 	test_cp_off: 13
line23: 	test_2ci_off: 18
line24: 	test_2vi_off: 20
line25: 	test_ci_inv: 12
line26: 	test_vi_inv: 10
line27: 	test_cp_inv: 12
line28: 	test_2ci_inv: 19
line29: 	test_2vi_inv: 20
line30: 	test_ci_scl: 6
line31: 	test_vi_scl: 6
line32: 	test_cp_scl: 7
line33: 	test_2ci_scl: 10
line34: 	test_2vi_scl: 11
line35: 	test_cp_alndst: 12
line36: 	test_cp_alnsrc: 11
line37: 	test_2ci_aln: 17
line38: 	test_2vi_aln: 19
line39: 	test_cp_unalndst: 12
line40: 	test_cp_unalnsrc: 11
line41: 	test_2ci_unaln: 18
line42: 	test_2vi_unaln: 19
line43: 	PASSED


运行.class文件完成序号: 92		类名: TestFloatJNIArgs
正常输出: 
line1: 	could not load native lib: java.lang.UnsatisfiedLinkError: TestFloatJNIArgs (Not found in java.library.path)
错误输出: 
line1: 	Exception in thread "main" java.lang.UnsatisfiedLinkError: TestFloatJNIArgs.add15floats(FFFFFFFFFFFFFFF)F
line2: 		at TestFloatJNIArgs.test(TestFloatJNIArgs.java:20)
line3: 		at TestFloatJNIArgs.main(TestFloatJNIArgs.java:40)


运行.class文件完成序号: 93		类名: CheckLongArgs
错误输出: 
line1: 	Exception in thread "main" java.lang.UnsatisfiedLinkError: CNCheckLongArgs (Not found in java.library.path)
line2: 		at java.lang.ClassLoader.loadLibraryWithPath(ClassLoader.java:1469)
line3: 		at java.lang.ClassLoader.loadLibraryWithClassLoader(ClassLoader.java:1420)
line4: 		at java.lang.System.loadLibrary(System.java:616)
line5: 		at CheckLongArgs.<clinit>(CheckLongArgs.java:4)


运行.class文件完成序号: 94		类名: SumTest


运行.class文件完成序号: 95		类名: BitTests
正常输出: 
line1: 	PASSED


运行.class文件完成序号: 96		类名: LoadWithMask


运行.class文件完成序号: 97		类名: TestByteBoxing
正常输出: 
line1: 	Passed.


运行.class文件完成序号: 98		类名: Test6814842


运行.class文件完成序号: 99		类名: TestSpecTrapClassUnloading
错误输出: 
line1: 	JVMDUMP039I Processing dump event "systhrow", detail "java/lang/OutOfMemoryError" at 2023/04/27 12:30:13 - please wait.
line2: 	JVMDUMP032I JVM requested System dump using '/home/Graduation_Project_Code/Differential_Fuzzing_Testing_Code/core.20230427.123013.18420.0001.dmp' in response to an event
line3: 	JVMPORT030W /proc/sys/kernel/core_pattern setting "|/usr/share/apport/apport %p %s %c %d %P %E" specifies that the core dump is to be piped to an external program.  Attempting to rename either core or core.18439.
line4: 	
line5: 	JVMDUMP012E Error in System dump: The core file created by child process with pid = 18439 was not found. Expected to find core file with name "/home/Graduation_Project_Code/Differential_Fuzzing_Testing_Code/core"
line6: 	JVMDUMP032I JVM requested Heap dump using '/home/Graduation_Project_Code/Differential_Fuzzing_Testing_Code/heapdump.20230427.123013.18420.0002.phd' in response to an event
line7: 	JVMDUMP010I Heap dump written to /home/Graduation_Project_Code/Differential_Fuzzing_Testing_Code/heapdump.20230427.123013.18420.0002.phd
line8: 	JVMDUMP032I JVM requested Java dump using '/home/Graduation_Project_Code/Differential_Fuzzing_Testing_Code/javacore.20230427.123013.18420.0003.txt' in response to an event
line9: 	JVMDUMP010I Java dump written to /home/Graduation_Project_Code/Differential_Fuzzing_Testing_Code/javacore.20230427.123013.18420.0003.txt
line10: 	JVMDUMP032I JVM requested Snap dump using '/home/Graduation_Project_Code/Differential_Fuzzing_Testing_Code/Snap.20230427.123013.18420.0004.trc' in response to an event
line11: 	JVMDUMP010I Snap dump written to /home/Graduation_Project_Code/Differential_Fuzzing_Testing_Code/Snap.20230427.123013.18420.0004.trc
line12: 	JVMDUMP013I Processed dump event "systhrow", detail "java/lang/OutOfMemoryError".


运行.class文件完成序号: 100		类名: Test7042153


运行.class文件完成序号: 101		类名: Test6795362


运行.class文件完成序号: 102		类名: DefaultAndConcreteMethodsCHA
错误输出: 
line1: 	Exception in thread "main" java.lang.NoSuchMethodError: A.<init>()V (loaded from file:/home/Graduation_Project_Code/Differential_Fuzzing_Testing_Code/Testcode_outClass/jdk8u_OpenJ9/ by sun.misc.Launcher$AppClassLoader@a35ee8f1) called from class C (loaded from file:/home/Graduation_Project_Code/Differential_Fuzzing_Testing_Code/Testcode_outClass/jdk8u_OpenJ9/ by sun.misc.Launcher$AppClassLoader@a35ee8f1).
line2: 		at C.<init>(DefaultAndConcreteMethodsCHA.java:11)
line3: 		at DefaultAndConcreteMethodsCHA.main(DefaultAndConcreteMethodsCHA.java:29)


运行.class文件完成序号: 103		类名: TestIntFloatVect
正常输出: 
line1: 	Testing Integer + Float vectors
line2: 	Warmup
line3: 	Verification
line4: 	Time
line5: 	test_ci: 22
line6: 	test_vi: 25
line7: 	test_cp: 29
line8: 	test_ci_neg: 22
line9: 	test_vi_neg: 21
line10: 	test_cp_neg: 28
line11: 	test_ci_oppos: 21
line12: 	test_vi_oppos: 22
line13: 	test_cp_oppos: 35
line14: 	test_ci_aln: 20
line15: 	test_vi_aln: 21
line16: 	test_cp_alndst: 30
line17: 	test_cp_alnsrc: 31
line18: 	test_ci_unaln: 20
line19: 	test_vi_unaln: 22
line20: 	test_cp_unalndst: 27
line21: 	test_cp_unalnsrc: 31
line22: 	PASSED


运行.class文件完成序号: 104		类名: Test1


运行.class文件完成序号: 105		类名: Test6985295
正常输出: 
line1: 	max = 2147483647
line2: 	Passed


运行.class文件完成序号: 106		类名: Test7169782
正常输出: 
line1: 	Test passed.


运行.class文件完成序号: 107		类名: C1ObjectSpillInLogicOp


运行.class文件完成序号: 108		类名: Test6859338


运行.class文件完成序号: 109		类名: CRCTest
正常输出: 
line1: 	finished huge crc, crc1 = 2923299010, crc2 = 2923299010, crc3 = 2923299010, crc4 = 2923299010
line2: 	finished small survey crc, crc1 = 275273953, crc2 = 275273953, crc3 = 275273953, crc4 = 275273953


运行.class文件完成序号: 110		类名: LongMulOverflowTest


运行.class文件完成序号: 111		类名: Test6757316


运行.class文件完成序号: 112		类名: TestSystemGC


运行.class文件完成序号: 113		类名: intrinsics/Verifier
错误输出: 
line1: 	Exception in thread "main" java.lang.RuntimeException: Test bug, nothing to verify
line2: 		at intrinsics.Verifier.main(Verifier.java:55)


运行.class文件完成序号: 114		类名: Test7090976


运行.class文件完成序号: 115		类名: Test6909839
正常输出: 
line1: 	12500
line2: 	12500
line3: 	12500
line4: 	15000
line5: 	15000
line6: 	15000
line7: 	15000
line8: 	15000
line9: 	15000
line10: 	15000
line11: 	15000
line12: 	15000
line13: 	12500
line14: 	12500
line15: 	12500
line16: 	15000
line17: 	15000
line18: 	15000
line19: 	15000
line20: 	15000
line21: 	15000
line22: 	15000
line23: 	15000
line24: 	15000
line25: 	12500.0
line26: 	12500.0
line27: 	12500.0
line28: 	15000.0
line29: 	15000.0
line30: 	15000.0
line31: 	12500.0
line32: 	12500.0
line33: 	12500.0
line34: 	12500.0
line35: 	12500.0
line36: 	12500.0
line37: 	12500.0
line38: 	12500.0
line39: 	12500.0
line40: 	15000.0
line41: 	15000.0
line42: 	15000.0
line43: 	15000.0
line44: 	15000.0
line45: 	15000.0
line46: 	15000.0
line47: 	15000.0
line48: 	15000.0
line49: 	1878675004
line50: 	-752201428
line51: 	-1825872908
line52: 	-397758592
line53: 	-1582110584
line54: 	141060856
line55: 	1592713576
line56: 	-1145213416
line57: 	-244959656
line58: 	1009887712
line59: 	425749768
line60: 	1264460448


运行.class文件完成序号: 116		类名: Test7199742


运行.class文件完成序号: 117		类名: TestMulAdd
正常输出: 
line1: 	Success


运行.class文件完成序号: 118		类名: Test7110586


运行.class文件完成序号: 119		类名: TestFloatBoxing
正常输出: 
line1: 	Passed.


运行.class文件完成序号: 120		类名: TestShortBoxing
正常输出: 
line1: 	Passed.


运行.class文件完成序号: 121		类名: TestRangeCheck
正常输出: 
line1: 	Expected ArrayIndexOutOfBoundsException was thrown


运行.class文件完成序号: 122		类名: PrintInlining
正常输出: 
line1: 	Passed


运行.class文件完成序号: 123		类名: Test


运行.class文件完成序号: 124		类名: TestLongVect
正常输出: 
line1: 	Testing Long vectors
line2: 	Warmup
line3: 	Verification
line4: 	Time
line5: 	test_ci: 18
line6: 	test_vi: 18
line7: 	test_cp: 21
line8: 	test_2ci: 21
line9: 	test_2vi: 23
line10: 	test_ci_neg: 18
line11: 	test_vi_neg: 17
line12: 	test_cp_neg: 21
line13: 	test_2ci_neg: 21
line14: 	test_2vi_neg: 21
line15: 	test_ci_oppos: 20
line16: 	test_vi_oppos: 20
line17: 	test_cp_oppos: 22
line18: 	test_2ci_oppos: 21
line19: 	test_2vi_oppos: 35
line20: 	test_ci_off: 19
line21: 	test_vi_off: 18
line22: 	test_cp_off: 21
line23: 	test_2ci_off: 21
line24: 	test_2vi_off: 22
line25: 	test_ci_inv: 20
line26: 	test_vi_inv: 21
line27: 	test_cp_inv: 25
line28: 	test_2ci_inv: 28
line29: 	test_2vi_inv: 23
line30: 	test_ci_scl: 10
line31: 	test_vi_scl: 11
line32: 	test_cp_scl: 11
line33: 	test_2ci_scl: 12
line34: 	test_2vi_scl: 12
line35: 	test_cp_alndst: 20
line36: 	test_cp_alnsrc: 22
line37: 	test_2ci_aln: 20
line38: 	test_2vi_aln: 22
line39: 	test_cp_unalndst: 21
line40: 	test_cp_unalnsrc: 21
line41: 	test_2ci_unaln: 20
line42: 	test_2vi_unaln: 22
line43: 	PASSED


运行.class文件完成序号: 125		类名: Test7100757


运行.class文件完成序号: 126		类名: InlineDefaultMethod1
错误输出: 
line1: 	Error: A JNI error has occurred, please check your installation and try again
line2: 	Exception in thread "main" java.lang.VerifyError: JVMVRFY021 thrown object not throwable; class=InlineDefaultMethod1, method=main([Ljava/lang/String;)V, pc=7; Type Mismatch, argument 0 in signature InlineDefaultMethod1.test:(LA;)V does not match
line3: 	Exception Details:
line4: 	  Location:
line5: 	    InlineDefaultMethod1.main([Ljava/lang/String;)V @7: JBinvokestatic
line6: 	  Reason:
line7: 	    Type 'B' (current frame, stack[0]) is not assignable to 'A'
line8: 	  Current Frame:
line9: 	    bci: @7
line10: 	    flags: { }
line11: 	    locals: { '[Ljava/lang/String;' }
line12: 	    stack: { 'B' }
line13: 		at java.lang.J9VMInternals.prepareClassImpl(Native Method)
line14: 		at java.lang.J9VMInternals.prepare(J9VMInternals.java:301)
line15: 		at java.lang.Class.getMethodHelper(Class.java:1344)
line16: 		at java.lang.Class.getMethod(Class.java:1287)
line17: 		at sun.launcher.LauncherHelper.validateMainClass(LauncherHelper.java:650)
line18: 		at sun.launcher.LauncherHelper.checkAndLoadMain(LauncherHelper.java:632)


运行.class文件完成序号: 127		类名: DoubleArithTests


运行.class文件完成序号: 128		类名: JMapHProfLargeHeapProc
错误输出: 
line1: 	Exception in thread "main" java.lang.ArrayIndexOutOfBoundsException: Array index out of range: 0
line2: 		at JMapHProfLargeHeapProc.buildLargeHeap(JMapHProfLargeHeapProc.java:20)
line3: 		at JMapHProfLargeHeapProc.main(JMapHProfLargeHeapProc.java:14)


运行.class文件完成序号: 129		类名: LongShiftTests


运行.class文件完成序号: 130		类名: Test6758234


运行.class文件完成序号: 131		类名: sun/hotspot/WhiteBox
错误输出: 
line1: 	Exception in thread "main" java.lang.UnsatisfiedLinkError: sun/hotspot/WhiteBox.registerNatives()V
line2: 		at sun.hotspot.WhiteBox.<clinit>(WhiteBox.java:9)


运行.class文件完成序号: 132		类名: IntLogicTests


运行.class文件完成序号: 133		类名: TestShortLongVect
正常输出: 
line1: 	Testing Short + Long vectors
line2: 	Warmup
line3: 	Verification
line4: 	Time
line5: 	test_ci: 31
line6: 	test_vi: 25
line7: 	test_cp: 31
line8: 	test_ci_neg: 32
line9: 	test_vi_neg: 22
line10: 	test_cp_neg: 33
line11: 	test_ci_oppos: 32
line12: 	test_vi_oppos: 23
line13: 	test_cp_oppos: 31
line14: 	test_ci_aln: 21
line15: 	test_vi_aln: 25
line16: 	test_cp_alndst: 32
line17: 	test_cp_alnsrc: 32
line18: 	test_ci_unaln: 21
line19: 	test_vi_unaln: 24
line20: 	test_cp_unalndst: 31
line21: 	test_cp_unalnsrc: 31
line22: 	PASSED


运行.class文件完成序号: 134		类名: TestFloatDoubleVect
正常输出: 
line1: 	Testing Float + Double vectors
line2: 	Warmup
line3: 	Verification
line4: 	Time
line5: 	test_ci: 21
line6: 	test_vi: 22
line7: 	test_cp: 31
line8: 	test_ci_neg: 21
line9: 	test_vi_neg: 23
line10: 	test_cp_neg: 32
line11: 	test_ci_oppos: 22
line12: 	test_vi_oppos: 23
line13: 	test_cp_oppos: 30
line14: 	test_ci_aln: 21
line15: 	test_vi_aln: 29
line16: 	test_cp_alndst: 36
line17: 	test_cp_alnsrc: 35
line18: 	test_ci_unaln: 21
line19: 	test_vi_unaln: 29
line20: 	test_cp_unalndst: 36
line21: 	test_cp_unalnsrc: 35
line22: 	PASSED


运行.class文件完成序号: 135		类名: TestDeadBackbranchArrayAccess


运行.class文件完成序号: 136		类名: IntCmpTests


运行.class文件完成序号: 137		类名: Test6700047


运行.class文件完成序号: 138		类名: Test7024475


运行.class文件完成序号: 139		类名: TestGreyReclaimedHumongousObjects
错误输出: 
line1: 	Exception in thread "main" java.lang.UnsatisfiedLinkError: sun/management/VMManagementImpl.getVersion0()Ljava/lang/String;
line2: 		at sun.management.VMManagementImpl.<clinit>(VMManagementImpl.java:64)
line3: 		at sun.management.ManagementFactoryHelper.<clinit>(ManagementFactoryHelper.java:455)
line4: 		at TestGreyReclaimedHumongousObjects.main(TestGreyReclaimedHumongousObjects.java:57)


运行.class文件完成序号: 140		类名: TestMultiplyToLen
正常输出: 
line1: 	Success


运行.class文件完成序号: 141		类名: TestShrinkToOneRegion


运行.class文件完成序号: 142		类名: NestedMathExactTest


运行.class文件完成序号: 143		类名: Test6981737
正常输出: 
line1: 	Checking java.version: "1.8.0_322".matches("[0-9]+\.[0-9]+\..*")... yes.
line2: 	Checking java.vm.specification.vendor: "Oracle Corporation".matches("Oracle Corporation")... yes.
line3: 	Checking java.specification.vendor: "Oracle Corporation".matches("Oracle Corporation")... yes.
line4: 	Checking java.vm.specification.version: "1.8".matches("1\.8")... yes.
line5: 	PASS


运行.class文件完成序号: 144		类名: Marker
错误输出: 
line1: 	Error: Could not find or load main class Marker


运行.class文件完成序号: 145		类名: Test6443505


运行.class文件完成序号: 146		类名: Test7009231


运行.class文件完成序号: 147		类名: TestRecursiveReplacedException


运行.class文件完成序号: 148		类名: Runner2
错误输出: 
line1: 	Error: Could not find or load main class Runner2


运行.class文件完成序号: 149		类名: TestShortIntVect
正常输出: 
line1: 	Testing Short + Integer vectors
line2: 	Warmup
line3: 	Verification
line4: 	Time
line5: 	test_ci: 28
line6: 	test_vi: 22
line7: 	test_cp: 29
line8: 	test_ci_neg: 31
line9: 	test_vi_neg: 21
line10: 	test_cp_neg: 32
line11: 	test_ci_oppos: 28
line12: 	test_vi_oppos: 23
line13: 	test_cp_oppos: 30
line14: 	test_ci_aln: 21
line15: 	test_vi_aln: 22
line16: 	test_cp_alndst: 32
line17: 	test_cp_alnsrc: 32
line18: 	test_ci_unaln: 21
line19: 	test_vi_unaln: 23
line20: 	test_cp_unalndst: 32
line21: 	test_cp_unalnsrc: 32
line22: 	PASSED


运行.class文件完成序号: 150		类名: Test5091921
正常输出: 
line1: 	test_ge1: Expected exception caught
line2: 	test_ge1 WORKED
line3: 	test_le1: Expected exception caught
line4: 	test_le1 WORKED
line5: 	test_wrap1 WORKED
line6: 	test_rce5 WORKED
line7: 	test_rce6 WORKED
line8: 	test_rce7 WORKED
line9: 	test_rce8 WORKED


运行.class文件完成序号: 151		类名: HasNonStatic


运行.class文件完成序号: 152		类名: Internal
错误输出: 
line1: 	Error: Could not find or load main class Internal


运行.class文件完成序号: 153		类名: FieldMonitor
正常输出: 
line1: 	home
line2: 	options
line3: 	main
line4: 	suspend
line5: 	quote
line6: 	vmexec
line7: 	Vm launched
line8: 	FieldMonitor-main receives: VMStartEvent in thread main
line9: 	resume...
line10: 	testvm: Error: Could not find or load main class TestPostFieldModification
line11: 	FieldMonitor-main receives: VMDeathEvent
line12: 	resume...
错误输出: 
line1: 	Exception in thread "main" java.lang.Error: Expected to receive 11 times ModificationWatchpointEvent, but got 0
line2: 		at FieldMonitor.main(FieldMonitor.java:79)


运行.class文件完成序号: 154		类名: Test6880034
错误输出: 
line1: 	Exception in thread "main" java.lang.NoSuchMethodError: A.<init>()V (loaded from file:/home/Graduation_Project_Code/Differential_Fuzzing_Testing_Code/Testcode_outClass/jdk8u_OpenJ9/ by sun.misc.Launcher$AppClassLoader@517ae257) called from class G (loaded from file:/home/Graduation_Project_Code/Differential_Fuzzing_Testing_Code/Testcode_outClass/jdk8u_OpenJ9/ by sun.misc.Launcher$AppClassLoader@517ae257).
line2: 		at G.<clinit>(Test6880034.java:20)
line3: 		at Test6880034.main(Test6880034.java:72)


运行.class文件完成序号: 155		类名: TestCharVect
正常输出: 
line1: 	Testing Char vectors
line2: 	Warmup
line3: 	Verification
line4: 	Time
line5: 	test_ci: 34
line6: 	test_vi: 17
line7: 	test_cp: 20
line8: 	test_2ci: 34
line9: 	test_2vi: 24
line10: 	test_ci_neg: 24
line11: 	test_vi_neg: 18
line12: 	test_cp_neg: 21
line13: 	test_2ci_neg: 41
line14: 	test_2vi_neg: 22
line15: 	test_ci_oppos: 28
line16: 	test_vi_oppos: 20
line17: 	test_cp_oppos: 22
line18: 	test_2ci_oppos: 41
line19: 	test_2vi_oppos: 24
line20: 	test_ci_off: 21
line21: 	test_vi_off: 19
line22: 	test_cp_off: 22
line23: 	test_2ci_off: 22
line24: 	test_2vi_off: 23
line25: 	test_ci_inv: 21
line26: 	test_vi_inv: 20
line27: 	test_cp_inv: 24
line28: 	test_2ci_inv: 45
line29: 	test_2vi_inv: 29
line30: 	test_ci_scl: 14
line31: 	test_vi_scl: 11
line32: 	test_cp_scl: 12
line33: 	test_2ci_scl: 12
line34: 	test_2vi_scl: 14
line35: 	test_cp_alndst: 21
line36: 	test_cp_alnsrc: 21
line37: 	test_2ci_aln: 21
line38: 	test_2vi_aln: 23
line39: 	test_cp_unalndst: 21
line40: 	test_cp_unalnsrc: 22
line41: 	test_2ci_unaln: 21
line42: 	test_2vi_unaln: 23
line43: 	PASSED


运行.class文件完成序号: 156		类名: TestLogSum


运行.class文件完成序号: 157		类名: Test6823354


运行.class文件完成序号: 158		类名: Test7125879


运行.class文件完成序号: 159		类名: TestArraysFillDeadControl


运行.class文件完成序号: 160		类名: Test6732154
正常输出: 
line1: 	Test passed.


运行.class文件完成序号: 161		类名: Test7044738


运行.class文件完成序号: 162		类名: Test6990212
正常输出: 
line1: 	got expected ClassCastException


运行.class文件完成序号: 163		类名: Test6581734
正常输出: 
line1: 	Defaulting to monitor CMS pool and collector.
line2: 	............................................................................................................................................................................................................................................................................................................Done allocationWork
line3: 	found pool: tenured-SOA
line4: 	found pool: tenured-LOA
line5: 	found pool: nursery-allocate
line6: 	found pool: nursery-survivor
line7: 	found pool: class storage
line8: 	found pool: miscellaneous non-heap storage
line9: 	found pool: JIT code cache
line10: 	found pool: JIT data cache
错误输出: 
line1: 	Exception in thread "main" java.lang.RuntimeException: No matching memory pools found: test with -XX:+UseConcMarkSweepGC
line2: 		at Test6581734.run(Test6581734.java:49)
line3: 		at Test6581734.main(Test6581734.java:18)


运行.class文件完成序号: 164		类名: FloatingPointFoldingTest


运行.class文件完成序号: 165		类名: NullConstantReceiver
正常输出: 
line1: 	TEST PASSED


运行.class文件完成序号: 166		类名: TestIntUnsafeCAS
正常输出: 
line1: 	Testing Integer array unsafe CAS operations
line2: 	Warmup
line3: 	Verification
line4: 	Time
line5: 	test_ci: 10
line6: 	test_vi: 11
line7: 	test_cp: 9
line8: 	test_2ci: 20
line9: 	test_2vi: 19
line10: 	test_ci_neg: 10
line11: 	test_vi_neg: 11
line12: 	test_cp_neg: 11
line13: 	test_2ci_neg: 20
line14: 	test_2vi_neg: 18
line15: 	test_ci_oppos: 13
line16: 	test_vi_oppos: 10
line17: 	test_cp_oppos: 11
line18: 	test_2ci_oppos: 19
line19: 	test_2vi_oppos: 19
line20: 	test_ci_off: 10
line21: 	test_vi_off: 9
line22: 	test_cp_off: 9
line23: 	test_2ci_off: 18
line24: 	test_2vi_off: 18
line25: 	test_ci_inv: 10
line26: 	test_vi_inv: 10
line27: 	test_cp_inv: 11
line28: 	test_2ci_inv: 19
line29: 	test_2vi_inv: 19
line30: 	test_ci_scl: 5
line31: 	test_vi_scl: 5
line32: 	test_cp_scl: 5
line33: 	test_2ci_scl: 10
line34: 	test_2vi_scl: 10
line35: 	test_cp_alndst: 9
line36: 	test_cp_alnsrc: 11
line37: 	test_2ci_aln: 19
line38: 	test_2vi_aln: 21
line39: 	test_cp_unalndst: 9
line40: 	test_cp_unalnsrc: 11
line41: 	test_2ci_unaln: 20
line42: 	test_2vi_unaln: 21
line43: 	PASSED


运行.class文件完成序号: 167		类名: Test6795465


运行.class文件完成序号: 168		类名: Test8005419
正常输出: 
line1: 	Start testing
line2: 	PASSED


运行.class文件完成序号: 169		类名: TestByteDoubleVect
正常输出: 
line1: 	Testing Byte + Double vectors
line2: 	Warmup
line3: 	Verification
line4: 	Time
line5: 	test_ci: 21
line6: 	test_vi: 23
line7: 	test_cp: 29
line8: 	test_ci_neg: 21
line9: 	test_vi_neg: 20
line10: 	test_cp_neg: 31
line11: 	test_ci_oppos: 21
line12: 	test_vi_oppos: 22
line13: 	test_cp_oppos: 29
line14: 	test_ci_aln: 20
line15: 	test_vi_aln: 22
line16: 	test_cp_alndst: 27
line17: 	test_cp_alnsrc: 28
line18: 	test_ci_unaln: 20
line19: 	test_vi_unaln: 24
line20: 	test_cp_unalndst: 29
line21: 	test_cp_unalnsrc: 28
line22: 	PASSED


运行.class文件完成序号: 170		类名: TestFullGCCount
正常输出: 
line1: 	Checking: scavenge
line2: 	Checking: global
line3: 	Passed.


运行.class文件完成序号: 171		类名: Test6896617
正常输出: 
line1: 	Testing different source and destination sizes
line2: 	Testing big char
line3: 	Testing ISO_8859_1$Encode.encodeArrayLoop() performance
line4: 	size: 256 time: 214
line5: 	Testing ISO_8859_1$Encode.encode() performance
line6: 	size: 256 time: 77
line7: 	PASSED


运行.class文件完成序号: 172		类名: TestDeoptOOM
正常输出: 
line1: 	OOM caught in main Java heap space
line2: 	OOM caught in m2
line3: 	OOM caught in m3
line4: 	OOM caught in main
line5: 	OOM caught in main
line6: 	OOM caught in main
line7: 	OOM caught in m7_1
line8: 	Acquiring lock
line9: 	Lock acquired
line10: 	Lock released
line11: 	OOM caught in main
错误输出: 
line1: 	JVMDUMP039I Processing dump event "systhrow", detail "java/lang/OutOfMemoryError" at 2023/04/27 12:31:58 - please wait.
line2: 	JVMDUMP032I JVM requested System dump using '/home/Graduation_Project_Code/Differential_Fuzzing_Testing_Code/core.20230427.123158.20047.0001.dmp' in response to an event
line3: 	JVMPORT030W /proc/sys/kernel/core_pattern setting "|/usr/share/apport/apport %p %s %c %d %P %E" specifies that the core dump is to be piped to an external program.  Attempting to rename either core or core.20065.
line4: 	
line5: 	JVMDUMP012E Error in System dump: The core file created by child process with pid = 20065 was not found. Expected to find core file with name "/home/Graduation_Project_Code/Differential_Fuzzing_Testing_Code/core"
line6: 	JVMDUMP032I JVM requested Heap dump using '/home/Graduation_Project_Code/Differential_Fuzzing_Testing_Code/heapdump.20230427.123158.20047.0002.phd' in response to an event
line7: 	JVMDUMP010I Heap dump written to /home/Graduation_Project_Code/Differential_Fuzzing_Testing_Code/heapdump.20230427.123158.20047.0002.phd
line8: 	JVMDUMP032I JVM requested Java dump using '/home/Graduation_Project_Code/Differential_Fuzzing_Testing_Code/javacore.20230427.123158.20047.0003.txt' in response to an event
line9: 	JVMDUMP010I Java dump written to /home/Graduation_Project_Code/Differential_Fuzzing_Testing_Code/javacore.20230427.123158.20047.0003.txt
line10: 	JVMDUMP032I JVM requested Snap dump using '/home/Graduation_Project_Code/Differential_Fuzzing_Testing_Code/Snap.20230427.123158.20047.0004.trc' in response to an event
line11: 	JVMDUMP010I Snap dump written to /home/Graduation_Project_Code/Differential_Fuzzing_Testing_Code/Snap.20230427.123158.20047.0004.trc
line12: 	JVMDUMP013I Processed dump event "systhrow", detail "java/lang/OutOfMemoryError".
line13: 	JVMDUMP039I Processing dump event "systhrow", detail "java/lang/OutOfMemoryError" at 2023/04/27 12:32:15 - please wait.
line14: 	JVMDUMP032I JVM requested Heap dump using '/home/Graduation_Project_Code/Differential_Fuzzing_Testing_Code/heapdump.20230427.123215.20047.0005.phd' in response to an event
line15: 	JVMDUMP010I Heap dump written to /home/Graduation_Project_Code/Differential_Fuzzing_Testing_Code/heapdump.20230427.123215.20047.0005.phd
line16: 	JVMDUMP032I JVM requested Java dump using '/home/Graduation_Project_Code/Differential_Fuzzing_Testing_Code/javacore.20230427.123215.20047.0006.txt' in response to an event
line17: 	JVMDUMP010I Java dump written to /home/Graduation_Project_Code/Differential_Fuzzing_Testing_Code/javacore.20230427.123215.20047.0006.txt
line18: 	JVMDUMP032I JVM requested Snap dump using '/home/Graduation_Project_Code/Differential_Fuzzing_Testing_Code/Snap.20230427.123215.20047.0007.trc' in response to an event
line19: 	JVMDUMP010I Snap dump written to /home/Graduation_Project_Code/Differential_Fuzzing_Testing_Code/Snap.20230427.123215.20047.0007.trc
line20: 	JVMDUMP013I Processed dump event "systhrow", detail "java/lang/OutOfMemoryError".
line21: 	JVMDUMP039I Processing dump event "systhrow", detail "java/lang/OutOfMemoryError" at 2023/04/27 12:32:16 - please wait.
line22: 	JVMDUMP032I JVM requested Heap dump using '/home/Graduation_Project_Code/Differential_Fuzzing_Testing_Code/heapdump.20230427.123216.20047.0008.phd' in response to an event
line23: 	JVMDUMP010I Heap dump written to /home/Graduation_Project_Code/Differential_Fuzzing_Testing_Code/heapdump.20230427.123216.20047.0008.phd
line24: 	JVMDUMP032I JVM requested Java dump using '/home/Graduation_Project_Code/Differential_Fuzzing_Testing_Code/javacore.20230427.123216.20047.0009.txt' in response to an event
line25: 	JVMDUMP010I Java dump written to /home/Graduation_Project_Code/Differential_Fuzzing_Testing_Code/javacore.20230427.123216.20047.0009.txt
line26: 	JVMDUMP032I JVM requested Snap dump using '/home/Graduation_Project_Code/Differential_Fuzzing_Testing_Code/Snap.20230427.123216.20047.0010.trc' in response to an event
line27: 	JVMDUMP010I Snap dump written to /home/Graduation_Project_Code/Differential_Fuzzing_Testing_Code/Snap.20230427.123216.20047.0010.trc
line28: 	JVMDUMP013I Processed dump event "systhrow", detail "java/lang/OutOfMemoryError".
line29: 	JVMDUMP039I Processing dump event "systhrow", detail "java/lang/OutOfMemoryError" at 2023/04/27 12:32:17 - please wait.
line30: 	JVMDUMP032I JVM requested Heap dump using '/home/Graduation_Project_Code/Differential_Fuzzing_Testing_Code/heapdump.20230427.123217.20047.0011.phd' in response to an event
line31: 	JVMDUMP010I Heap dump written to /home/Graduation_Project_Code/Differential_Fuzzing_Testing_Code/heapdump.20230427.123217.20047.0011.phd
line32: 	JVMDUMP032I JVM requested Java dump using '/home/Graduation_Project_Code/Differential_Fuzzing_Testing_Code/javacore.20230427.123217.20047.0012.txt' in response to an event
line33: 	JVMDUMP010I Java dump written to /home/Graduation_Project_Code/Differential_Fuzzing_Testing_Code/javacore.20230427.123217.20047.0012.txt
line34: 	JVMDUMP032I JVM requested Snap dump using '/home/Graduation_Project_Code/Differential_Fuzzing_Testing_Code/Snap.20230427.123217.20047.0013.trc' in response to an event
line35: 	JVMDUMP010I Snap dump written to /home/Graduation_Project_Code/Differential_Fuzzing_Testing_Code/Snap.20230427.123217.20047.0013.trc
line36: 	JVMDUMP013I Processed dump event "systhrow", detail "java/lang/OutOfMemoryError".


运行.class文件完成序号: 173		类名: TestRegionAlignment


运行.class文件完成序号: 174		类名: Inheritance1
正常输出: 
line1: 	Test FAILS
错误输出: 
line1: 	A2_R1 failed
line2: 	A3_R1 failed
line3: 	A1_R2 failed
line4: 	A2_R2 failed
line5: 	A3_R2 failed
line6: 	A1_R3 failed
line7: 	A2_R3 failed
line8: 	A3_R3 failed
line9: 	Exception in thread "main" java.lang.Error: Test failed
line10: 		at Inheritance1.main(Inheritance1.java:155)


运行.class文件完成序号: 175		类名: TestIntUnsafeOrdered
正常输出: 
line1: 	Testing Integer array unsafe ordered operations
line2: 	Warmup
line3: 	Verification
line4: 	Time
line5: 	test_ci: 3
line6: 	test_vi: 4
line7: 	test_cp: 3
line8: 	test_2ci: 5
line9: 	test_2vi: 5
line10: 	test_ci_neg: 4
line11: 	test_vi_neg: 4
line12: 	test_cp_neg: 4
line13: 	test_2ci_neg: 5
line14: 	test_2vi_neg: 6
line15: 	test_ci_oppos: 4
line16: 	test_vi_oppos: 4
line17: 	test_cp_oppos: 4
line18: 	test_2ci_oppos: 6
line19: 	test_2vi_oppos: 6
line20: 	test_ci_off: 3
line21: 	test_vi_off: 4
line22: 	test_cp_off: 4
line23: 	test_2ci_off: 6
line24: 	test_2vi_off: 6
line25: 	test_ci_inv: 4
line26: 	test_vi_inv: 3
line27: 	test_cp_inv: 4
line28: 	test_2ci_inv: 6
line29: 	test_2vi_inv: 6
line30: 	test_ci_scl: 2
line31: 	test_vi_scl: 2
line32: 	test_cp_scl: 3
line33: 	test_2ci_scl: 3
line34: 	test_2vi_scl: 3
line35: 	test_cp_alndst: 4
line36: 	test_cp_alnsrc: 3
line37: 	test_2ci_aln: 6
line38: 	test_2vi_aln: 5
line39: 	test_cp_unalndst: 4
line40: 	test_cp_unalnsrc: 3
line41: 	test_2ci_unaln: 6
line42: 	test_2vi_unaln: 5
line43: 	PASSED


运行.class文件完成序号: 176		类名: Test6891750


运行.class文件完成序号: 177		类名: DisableResizePLAB


运行.class文件完成序号: 178		类名: FloatArithTests


运行.class文件完成序号: 179		类名: compiler/unsafe/OpaqueAccesses
错误输出: 
line1: 	Exception in thread "main" java.lang.ExceptionInInitializerError
line2: 		at java.lang.J9VMInternals.ensureError(J9VMInternals.java:145)
line3: 		at java.lang.J9VMInternals.recordInitializationFailure(J9VMInternals.java:134)
line4: 	Caused by: java.lang.SecurityException: Unsafe
line5: 		at sun.misc.Unsafe.getUnsafe(Unsafe.java:96)
line6: 		at compiler.unsafe.OpaqueAccesses.<clinit>(OpaqueAccesses.java:9)


运行.class文件完成序号: 180		类名: Test5057225


运行.class文件完成序号: 181		类名: TestTypePropagationToCmpU


运行.class文件完成序号: 182		类名: Test6800154


运行.class文件完成序号: 183		类名: Test2


运行.class文件完成序号: 184		类名: TestCharShortVect
正常输出: 
line1: 	Testing Char + Short vectors
line2: 	Warmup
line3: 	Verification
line4: 	Time
line5: 	test_ci: 43
line6: 	test_vi: 24
line7: 	test_cp: 31
line8: 	test_ci_neg: 42
line9: 	test_vi_neg: 24
line10: 	test_cp_neg: 29
line11: 	test_ci_oppos: 37
line12: 	test_vi_oppos: 24
line13: 	test_cp_oppos: 36
line14: 	test_ci_aln: 21
line15: 	test_vi_aln: 23
line16: 	test_cp_alndst: 29
line17: 	test_cp_alnsrc: 32
line18: 	test_ci_unaln: 22
line19: 	test_vi_unaln: 22
line20: 	test_cp_unalndst: 29
line21: 	test_cp_unalnsrc: 32
line22: 	PASSED


运行.class文件完成序号: 185		类名: TestBooleanVect
正常输出: 
line1: 	Testing Boolean vectors
line2: 	Warmup
line3: 	Verification
line4: 	Time
line5: 	test_ci: 18
line6: 	test_vi: 18
line7: 	test_cp: 20
line8: 	test_2ci: 21
line9: 	test_2vi: 23
line10: 	test_ci_neg: 18
line11: 	test_vi_neg: 18
line12: 	test_cp_neg: 21
line13: 	test_2ci_neg: 21
line14: 	test_2vi_neg: 21
line15: 	test_ci_oppos: 18
line16: 	test_vi_oppos: 22
line17: 	test_cp_oppos: 21
line18: 	test_2ci_oppos: 19
line19: 	test_2vi_oppos: 22
line20: 	test_ci_off: 21
line21: 	test_vi_off: 20
line22: 	test_cp_off: 24
line23: 	test_2ci_off: 21
line24: 	test_2vi_off: 22
line25: 	test_ci_inv: 21
line26: 	test_vi_inv: 24
line27: 	test_cp_inv: 28
line28: 	test_2ci_inv: 24
line29: 	test_2vi_inv: 27
line30: 	test_ci_scl: 10
line31: 	test_vi_scl: 11
line32: 	test_cp_scl: 11
line33: 	test_2ci_scl: 11
line34: 	test_2vi_scl: 12
line35: 	test_cp_alndst: 26
line36: 	test_cp_alnsrc: 21
line37: 	test_2ci_aln: 21
line38: 	test_2vi_aln: 21
line39: 	test_cp_unalndst: 24
line40: 	test_cp_unalnsrc: 26
line41: 	test_2ci_unaln: 21
line42: 	test_2vi_unaln: 21
line43: 	PASSED


运行.class文件完成序号: 186		类名: Test6879902


运行.class文件完成序号: 187		类名: UnsafeVolatileGuardTest


运行.class文件完成序号: 188		类名: TestUnalignedLoad6769124


运行.class文件完成序号: 189		类名: Test6837011


运行.class文件完成序号: 190		类名: Test6796786


运行.class文件完成序号: 191		类名: Test7052494
正常输出: 
line1: 	test1
line2: 	test2
line3: 	test3
line4: 	test4
line5: 	test5
line6: 	test6
line7: 	finish


运行.class文件完成序号: 192		类名: Test7123108


运行.class文件完成序号: 193		类名: Test7068051
错误输出: 
line1: 	Exception in thread "main" java.lang.ArrayIndexOutOfBoundsException: Array index out of range: 0
line2: 		at Test7068051.main(Test7068051.java:9)


运行.class文件完成序号: 194		类名: InlineDefaultMethod
错误输出: 
line1: 	PASSED


运行.class文件完成序号: 195		类名: Test8002069
错误输出: 
line1: 	Error: A JNI error has occurred, please check your installation and try again
line2: 	Exception in thread "main" java.lang.VerifyError: JVMVRFY021 thrown object not throwable; class=Test8002069, method=test2(I)I, pc=17
line3: 	Exception Details:
line4: 	  Location:
line5: 	    Test8002069.test2(I)I @17: JBputfield
line6: 	  Reason:
line7: 	    Type 'B' (current frame, stack[1]) is not assignable to 'O'
line8: 	  Current Frame:
line9: 	    bci: @17
line10: 	    flags: { }
line11: 	    locals: { integer, 'Test8002069' }
line12: 	    stack: { 'Test8002069', 'B' }
line13: 		at java.lang.J9VMInternals.prepareClassImpl(Native Method)
line14: 		at java.lang.J9VMInternals.prepare(J9VMInternals.java:301)
line15: 		at java.lang.Class.getMethodHelper(Class.java:1344)
line16: 		at java.lang.Class.getMethod(Class.java:1287)
line17: 		at sun.launcher.LauncherHelper.validateMainClass(LauncherHelper.java:650)
line18: 		at sun.launcher.LauncherHelper.checkAndLoadMain(LauncherHelper.java:632)


运行.class文件完成序号: 196		类名: LongReferenceCastingTest


运行.class文件完成序号: 197		类名: TestDoubleBoxing
正常输出: 
line1: 	Passed.


运行.class文件完成序号: 198		类名: UnsafeGetAddressTest
正常输出: 
line1: 	1: was 0x80000000, expected 0x80000000
line2: 	2: was 0x80000000, expected 0x80000000
line3: 	Test Passed


运行.class文件完成序号: 199		类名: LoadWithMask2
正常输出: 
line1: 	PASSED


运行.class文件完成序号: 200		类名: Test6905845
正常输出: 
line1: 	54366674
line2: 	54366674
line3: 	54366674
line4: 	54366674
line5: 	54366674
line6: 	54366674
line7: 	54366674
line8: 	54366674
line9: 	54366674
line10: 	54366674


运行.class文件完成序号: 201		类名: TestIntBoxing
正常输出: 
line1: 	Passed.


运行.class文件完成序号: 202		类名: TestMemBarAcquire


运行.class文件完成序号: 203		类名: Test7041100
错误输出: 
line1: 	Exception in thread "main" java.lang.ArrayIndexOutOfBoundsException: Array index out of range: 0
line2: 		at Test7041100.main(Test7041100.java:7)


运行.class文件完成序号: 204		类名: TestDoubleVect
正常输出: 
line1: 	Testing Double vectors
line2: 	Warmup
line3: 	Verification
line4: 	Time
line5: 	test_ci: 20
line6: 	test_vi: 18
line7: 	test_cp: 21
line8: 	test_2ci: 25
line9: 	test_2vi: 25
line10: 	test_ci_neg: 17
line11: 	test_vi_neg: 18
line12: 	test_cp_neg: 22
line13: 	test_2ci_neg: 24
line14: 	test_2vi_neg: 22
line15: 	test_ci_oppos: 21
line16: 	test_vi_oppos: 20
line17: 	test_cp_oppos: 22
line18: 	test_2ci_oppos: 25
line19: 	test_2vi_oppos: 23
line20: 	test_ci_off: 19
line21: 	test_vi_off: 20
line22: 	test_cp_off: 22
line23: 	test_2ci_off: 25
line24: 	test_2vi_off: 28
line25: 	test_ci_inv: 20
line26: 	test_vi_inv: 21
line27: 	test_cp_inv: 24
line28: 	test_2ci_inv: 23
line29: 	test_2vi_inv: 28
line30: 	test_ci_scl: 11
line31: 	test_vi_scl: 11
line32: 	test_cp_scl: 11
line33: 	test_2ci_scl: 14
line34: 	test_2vi_scl: 13
line35: 	test_cp_alndst: 20
line36: 	test_cp_alnsrc: 22
line37: 	test_2ci_aln: 24
line38: 	test_2vi_aln: 28
line39: 	test_cp_unalndst: 20
line40: 	test_cp_unalnsrc: 21
line41: 	test_2ci_unaln: 25
line42: 	test_2vi_unaln: 28
line43: 	PASSED


运行.class文件完成序号: 205		类名: TestByteShortVect
正常输出: 
line1: 	Testing Byte + Short vectors
line2: 	Warmup
line3: 	Verification
line4: 	Time
line5: 	test_ci: 30
line6: 	test_vi: 24
line7: 	test_cp: 32
line8: 	test_ci_neg: 33
line9: 	test_vi_neg: 24
line10: 	test_cp_neg: 31
line11: 	test_ci_oppos: 23
line12: 	test_vi_oppos: 25
line13: 	test_cp_oppos: 33
line14: 	test_ci_aln: 22
line15: 	test_vi_aln: 24
line16: 	test_cp_alndst: 32
line17: 	test_cp_alnsrc: 31
line18: 	test_ci_unaln: 22
line19: 	test_vi_unaln: 25
line20: 	test_cp_unalndst: 32
line21: 	test_cp_unalnsrc: 31
line22: 	PASSED


运行.class文件完成序号: 206		类名: Test7190310_unsafe
正常输出: 
line1: 	referent: TestObject
错误输出: 
line1: 	Warmup
line2: 	Verification


运行.class文件完成序号: 207		类名: Test7179138_1
正常输出: 
line1: 	Java Version: openj9-0.30.0


运行.class文件完成序号: 208		类名: IntShiftTests


运行.class文件完成序号: 209		类名: FloatCmpTests


运行.class文件完成序号: 210		类名: DoubleCmpTests


运行.class文件完成序号: 211		类名: Test6897150


运行.class文件完成序号: 212		类名: Test6357214
错误输出: 
line1: 	Exception in thread "main" java.lang.Exception: Need eventID or eventContentKey
line2: 		at Test6357214.create(Test6357214.java:50)
line3: 		at Test6357214.main(Test6357214.java:118)


运行.class文件完成序号: 213		类名: Test6916644


运行.class文件完成序号: 214		类名: LongLogicTests


运行.class文件完成序号: 215		类名: TestByteVect
正常输出: 
line1: 	Testing Byte vectors
line2: 	Warmup
line3: 	Verification
line4: 	Time
line5: 	test_ci: 18
line6: 	test_vi: 18
line7: 	test_cp: 20
line8: 	test_2ci: 21
line9: 	test_2vi: 24
line10: 	test_ci_neg: 17
line11: 	test_vi_neg: 18
line12: 	test_cp_neg: 21
line13: 	test_2ci_neg: 21
line14: 	test_2vi_neg: 22
line15: 	test_ci_oppos: 19
line16: 	test_vi_oppos: 20
line17: 	test_cp_oppos: 22
line18: 	test_2ci_oppos: 20
line19: 	test_2vi_oppos: 22
line20: 	test_ci_off: 22
line21: 	test_vi_off: 22
line22: 	test_cp_off: 23
line23: 	test_2ci_off: 21
line24: 	test_2vi_off: 23
line25: 	test_ci_inv: 21
line26: 	test_vi_inv: 20
line27: 	test_cp_inv: 27
line28: 	test_2ci_inv: 25
line29: 	test_2vi_inv: 30
line30: 	test_ci_scl: 10
line31: 	test_vi_scl: 12
line32: 	test_cp_scl: 11
line33: 	test_2ci_scl: 11
line34: 	test_2vi_scl: 13
line35: 	test_cp_alndst: 21
line36: 	test_cp_alnsrc: 21
line37: 	test_2ci_aln: 22
line38: 	test_2vi_aln: 22
line39: 	test_cp_unalndst: 21
line40: 	test_cp_unalnsrc: 27
line41: 	test_2ci_unaln: 22
line42: 	test_2vi_unaln: 24
line43: 	PASSED


运行.class文件完成序号: 216		类名: SpreadNullArg
正常输出: 
line1: 	Expected exception : java.lang.IllegalArgumentException


运行.class文件完成序号: 217		类名: TestFalseDeadLock
正常输出: 
line1: 	Hullo
line2: 	Hullo
line3: 	Hullo
line4: 	Hullo
line5: 	Hullo
line6: 	Hullo
line7: 	Hullo
line8: 	Hullo
line9: 	Hullo
line10: 	Hullo
line11: 	Hullo
line12: 	Hullo
line13: 	Hullo
line14: 	Hullo
line15: 	Hullo
line16: 	Hullo
line17: 	Hullo
line18: 	Hullo
line19: 	Hullo
line20: 	Hullo
line21: 	Hullo
line22: 	Hullo
line23: 	Hullo
line24: 	Hullo
line25: 	Hullo
line26: 	Hullo
line27: 	Hullo
line28: 	Hullo
line29: 	Hullo
line30: 	Hullo
line31: 	Hullo
line32: 	Hullo
line33: 	Hullo
line34: 	Hullo
line35: 	Hullo
line36: 	Hullo
line37: 	Hullo
line38: 	Hullo
line39: 	Hullo
line40: 	Hullo
line41: 	Hullo
line42: 	Hullo
line43: 	Hullo
line44: 	Hullo
line45: 	Hullo
line46: 	Hullo
line47: 	Hullo
line48: 	Hullo
line49: 	Hullo
line50: 	Hullo
line51: 	Hullo
line52: 	Hullo
line53: 	Hullo
line54: 	Hullo
line55: 	Hullo
line56: 	Hullo
line57: 	Hullo
line58: 	Hullo
line59: 	Hullo
line60: 	Hullo
line61: 	Hullo
line62: 	Hullo
line63: 	Hullo
line64: 	Hullo
line65: 	Hullo
line66: 	Hullo
line67: 	Hullo
line68: 	Hullo
line69: 	Hullo
line70: 	Hullo
line71: 	Hullo
line72: 	Hullo
line73: 	Hullo
line74: 	Hullo
line75: 	Hullo
line76: 	Hullo
line77: 	Hullo
line78: 	Hullo
line79: 	Hullo
line80: 	Hullo
line81: 	Hullo
line82: 	Hullo
line83: 	Hullo
line84: 	Hullo
line85: 	Hullo
line86: 	Hullo
line87: 	Hullo
line88: 	Hullo
line89: 	Hullo
line90: 	Hullo
line91: 	Hullo
line92: 	Hullo
line93: 	Hullo
line94: 	Hullo
line95: 	Hullo
line96: 	Hullo
line97: 	Hullo
line98: 	Hullo
line99: 	Hullo
line100: 	Hullo
line101: 	Hullo
line102: 	Hullo
line103: 	Hullo
line104: 	Hullo
line105: 	Hullo
line106: 	Hullo
line107: 	Hullo
line108: 	Hullo
line109: 	Hullo
line110: 	Hullo
line111: 	Hullo
line112: 	Hullo
line113: 	Hullo
line114: 	Hullo
line115: 	Hullo
line116: 	Hullo
line117: 	Hullo
line118: 	Hullo
line119: 	Hullo
line120: 	Hullo
line121: 	Hullo
line122: 	Hullo
line123: 	Hullo
line124: 	Hullo
line125: 	Hullo
line126: 	Hullo
line127: 	Hullo
line128: 	Hullo
line129: 	Hullo
line130: 	Hullo
line131: 	Hullo
line132: 	Hullo
line133: 	Hullo
line134: 	Hullo
line135: 	Hullo
line136: 	Hullo
line137: 	Hullo
line138: 	Hullo
line139: 	Hullo
line140: 	Hullo
line141: 	Hullo
line142: 	Hullo
line143: 	Hullo
line144: 	Hullo
line145: 	Hullo
line146: 	Hullo
line147: 	Hullo
line148: 	Hullo
line149: 	Hullo
line150: 	Hullo
line151: 	Hullo
line152: 	Hullo
line153: 	Hullo
line154: 	Hullo
line155: 	Hullo
line156: 	Hullo
line157: 	Hullo
line158: 	Hullo
line159: 	Hullo
line160: 	Hullo
line161: 	Hullo
line162: 	Hullo
line163: 	Hullo
line164: 	Hullo
line165: 	Hullo
line166: 	Hullo
line167: 	Hullo
line168: 	Hullo
line169: 	Hullo
line170: 	Hullo
line171: 	Hullo
line172: 	Hullo
line173: 	Hullo
line174: 	Hullo
line175: 	Hullo
line176: 	Hullo
line177: 	Hullo
line178: 	Hullo
line179: 	Hullo
line180: 	Hullo
line181: 	Hullo
line182: 	Hullo
line183: 	Hullo
line184: 	Hullo
line185: 	Hullo
line186: 	Hullo
line187: 	Hullo
line188: 	Hullo
line189: 	Hullo
line190: 	Hullo
line191: 	Hullo
line192: 	Hullo
line193: 	Hullo
line194: 	Hullo
line195: 	Hullo
line196: 	Hullo
line197: 	Hullo
line198: 	Hullo
line199: 	Hullo
line200: 	Hullo
line201: 	Hullo
line202: 	Hullo
line203: 	Hullo
line204: 	Hullo
line205: 	Hullo
line206: 	Hullo
line207: 	Hullo
line208: 	Hullo
line209: 	Hullo
line210: 	Hullo
line211: 	Hullo
line212: 	Hullo
line213: 	Hullo
line214: 	Hullo
line215: 	Hullo
line216: 	Hullo
line217: 	Hullo
line218: 	Hullo
line219: 	Hullo
line220: 	Hullo
line221: 	Hullo
line222: 	Hullo
line223: 	Hullo
line224: 	Hullo
line225: 	Hullo
line226: 	Hullo
line227: 	Hullo
line228: 	Hullo
line229: 	Hullo
line230: 	Hullo
line231: 	Hullo
line232: 	Hullo
line233: 	Hullo
line234: 	Hullo
line235: 	Hullo
line236: 	Hullo
line237: 	Hullo
line238: 	Hullo
line239: 	Hullo
line240: 	Hullo
line241: 	Hullo
line242: 	Hullo
line243: 	Hullo
line244: 	Hullo
line245: 	Hullo
line246: 	Hullo
line247: 	Hullo
line248: 	Hullo
line249: 	Hullo
line250: 	Hullo
line251: 	Hullo
line252: 	Hullo
line253: 	Hullo
line254: 	Hullo
line255: 	Hullo
line256: 	Hullo
line257: 	Hullo
line258: 	Hullo
line259: 	Hullo
line260: 	Hullo
line261: 	Hullo
line262: 	Hullo
line263: 	Hullo
line264: 	Hullo
line265: 	Hullo
line266: 	Hullo
line267: 	Hullo
line268: 	Hullo
line269: 	Hullo
line270: 	Hullo
line271: 	Hullo
line272: 	Hullo
line273: 	Hullo
line274: 	Hullo
line275: 	Hullo
line276: 	Hullo
line277: 	Hullo
line278: 	Hullo
line279: 	Hullo
line280: 	Hullo
line281: 	Hullo
line282: 	Hullo
line283: 	Hullo
line284: 	Hullo
line285: 	Hullo
line286: 	Hullo
line287: 	Hullo
line288: 	Hullo
line289: 	Hullo
line290: 	Hullo
line291: 	Hullo
line292: 	Hullo
line293: 	Hullo
line294: 	Hullo
line295: 	Hullo
line296: 	Hullo
line297: 	Hullo
line298: 	Hullo
line299: 	Hullo
line300: 	Hullo
line301: 	Hullo
line302: 	Hullo
line303: 	Hullo
line304: 	Hullo
line305: 	Hullo
line306: 	Hullo
line307: 	Hullo
line308: 	Hullo
line309: 	Hullo
line310: 	Hullo
line311: 	Hullo
line312: 	Hullo
line313: 	Hullo
line314: 	Hullo
line315: 	Hullo
line316: 	Hullo
line317: 	Hullo
line318: 	Hullo
line319: 	Hullo
line320: 	Hullo
line321: 	Hullo
line322: 	Hullo
line323: 	Hullo
line324: 	Hullo
line325: 	Hullo
line326: 	Hullo
line327: 	Hullo
line328: 	Hullo
line329: 	Hullo
line330: 	Hullo
line331: 	Hullo
line332: 	Hullo
line333: 	Hullo
line334: 	Hullo
line335: 	Hullo
line336: 	Hullo
line337: 	Hullo
line338: 	Hullo
line339: 	Hullo
line340: 	Hullo
line341: 	Hullo
line342: 	Hullo
line343: 	Hullo
line344: 	Hullo
line345: 	Hullo
line346: 	Hullo
line347: 	Hullo
line348: 	Hullo
line349: 	Hullo
line350: 	Hullo
line351: 	Hullo
line352: 	Hullo
line353: 	Hullo
line354: 	Hullo
line355: 	Hullo
line356: 	Hullo
line357: 	Hullo
line358: 	Hullo
line359: 	Hullo
line360: 	Hullo
line361: 	Hullo
line362: 	Hullo
line363: 	Hullo
line364: 	Hullo
line365: 	Hullo
line366: 	Hullo
line367: 	Hullo
line368: 	Hullo
line369: 	Hullo
line370: 	Hullo
line371: 	Hullo
line372: 	Hullo
line373: 	Hullo
line374: 	Hullo
line375: 	Hullo
line376: 	Hullo
line377: 	Hullo
line378: 	Hullo
line379: 	Hullo
line380: 	Hullo
line381: 	Hullo
line382: 	Hullo
line383: 	Hullo
line384: 	Hullo
line385: 	Hullo
line386: 	Hullo
line387: 	Hullo
line388: 	Hullo
line389: 	Hullo
line390: 	Hullo
line391: 	Hullo
line392: 	Hullo
line393: 	Hullo
line394: 	Hullo
line395: 	Hullo
line396: 	Hullo
line397: 	Hullo
line398: 	Hullo
line399: 	Hullo
line400: 	Hullo
line401: 	Hullo
line402: 	Hullo
line403: 	Hullo
line404: 	Hullo
line405: 	Hullo
line406: 	Hullo
line407: 	Hullo
line408: 	Hullo
line409: 	Hullo
line410: 	Hullo
line411: 	Hullo
line412: 	Hullo
line413: 	Hullo
line414: 	Hullo
line415: 	Hullo
line416: 	Hullo
line417: 	Hullo
line418: 	Hullo
line419: 	Hullo
line420: 	Hullo
line421: 	Hullo
line422: 	Hullo
line423: 	Hullo
line424: 	Hullo
line425: 	Hullo
line426: 	Hullo
line427: 	Hullo
line428: 	Hullo
line429: 	Hullo
line430: 	Hullo
line431: 	Hullo
line432: 	Hullo
line433: 	Hullo
line434: 	Hullo
line435: 	Hullo
line436: 	Hullo
line437: 	Hullo
line438: 	Hullo
line439: 	Hullo
line440: 	Hullo
line441: 	Hullo
line442: 	Hullo
line443: 	Hullo
line444: 	Hullo
line445: 	Hullo
line446: 	Hullo
line447: 	Hullo
line448: 	Hullo
line449: 	Hullo
line450: 	Hullo
line451: 	Hullo
line452: 	Hullo
line453: 	Hullo
line454: 	Hullo
line455: 	Hullo
line456: 	Hullo
line457: 	Hullo
line458: 	Hullo
line459: 	Hullo
line460: 	Hullo
line461: 	Hullo
line462: 	Hullo
line463: 	Hullo
line464: 	Hullo
line465: 	Hullo
line466: 	Hullo
line467: 	Hullo
line468: 	Hullo
line469: 	Hullo
line470: 	Hullo
line471: 	Hullo
line472: 	Hullo
line473: 	Hullo
line474: 	Hullo
line475: 	Hullo
line476: 	Hullo
line477: 	Hullo
line478: 	Hullo
line479: 	Hullo
line480: 	Hullo
line481: 	Hullo
line482: 	Hullo
line483: 	Hullo
line484: 	Hullo
line485: 	Hullo
line486: 	Hullo
line487: 	Hullo
line488: 	Hullo
line489: 	Hullo
line490: 	Hullo
line491: 	Hullo
line492: 	Hullo
line493: 	Hullo
line494: 	Hullo
line495: 	Hullo
line496: 	Hullo
line497: 	Hullo
line498: 	Hullo
line499: 	Hullo
line500: 	Hullo


运行.class文件完成序号: 218		类名: TestArrayCopy6769124


运行.class文件完成序号: 219		类名: CountedLoopProblem
错误输出: 
line1: 	Exception in thread "main" java.lang.Exception: Unexpected result
line2: 		at CountedLoopProblem.main(CountedLoopProblem.java:18)


运行.class文件完成序号: 220		类名: AddExactICondTest


运行.class文件完成序号: 221		类名: Test6378821


